2025-03-27 22:52:53,159 [INFO] Activator:176 - 


2025-03-27 22:52:53,161 [INFO] Activator:177 - !SESSION log4j initialized
2025-03-27 22:52:57,732 [INFO] LogOutputStream:77 - [STDOUT_REDIRECT] 
2025-03-27 22:53:06,148 [INFO] ApplicationProperties:184 - Using Application install path: E:\ST\STM32CubeIDE_1.18.0\STM32CubeIDE\plugins\com.st.stm32cube.common.mx_6.14.0.202502271554
2025-03-27 22:53:06,176 [INFO] DbMcusXml:78 - Set database path to: E:\ST\STM32CubeIDE_1.18.0\STM32CubeIDE\plugins\com.st.stm32cube.common.mx_6.14.0.202502271554\\db\/mcu/
2025-03-27 22:53:06,181 [INFO] ApiDb:274 - Set plugin database path to: E:\ST\STM32CubeIDE_1.18.0\STM32CubeIDE\plugins\com.st.stm32cube.common.mx_6.14.0.202502271554\\db\/plugins/boardmanager/
2025-03-27 22:53:06,183 [WARN] ApiDb:259 - Overriding images path with different value:  => E:\ST\STM32CubeIDE_1.18.0\STM32CubeIDE\plugins\com.st.stm32cube.common.mx_6.14.0.202502271554\\db\/plugins/mcufinder/images/
2025-03-27 22:53:08,982 [WARN] ApiFinderProperties:113 - C:\Users\aldai\.stmcufinder\plugins\mcufinder\mcu\mcuFinder.mfd doesn't exist
2025-03-27 22:53:08,984 [INFO] ApiDb:250 - Set database path to: C:\Users\aldai\.stmcufinder\plugins\mcufinder//mcu/
2025-03-27 22:53:08,986 [INFO] DbMcusAds:125 - Set database path to: C:\Users\aldai\.stmcufinder\plugins\mcufinder//mcu/
2025-03-27 22:53:08,998 [INFO] CrossReferenceDbSqlite:203 - Set database path to: C:\Users\aldai\.stmcufinder\plugins\mcufinder//mcu/cs/
2025-03-27 22:53:09,160 [INFO] RulesReader:64 - Compatibility file has been processed (301 Rules)
2025-03-27 22:53:09,311 [INFO] DbMcusXml:78 - Set database path to: E:\ST\STM32CubeIDE_1.18.0\STM32CubeIDE\plugins\com.st.stm32cube.common.mx_6.14.0.202502271554\\db\/mcu/
2025-03-27 22:53:09,312 [INFO] ApiDb:274 - Set plugin database path to: E:\ST\STM32CubeIDE_1.18.0\STM32CubeIDE\plugins\com.st.stm32cube.common.mx_6.14.0.202502271554\\db\/plugins/boardmanager/
2025-03-27 22:53:09,312 [INFO] ApiDb:261 - Set plugin images path to: E:\ST\STM32CubeIDE_1.18.0\STM32CubeIDE\plugins\com.st.stm32cube.common.mx_6.14.0.202502271554\\db\/plugins/mcufinder/images/
2025-03-27 22:53:09,312 [WARN] DbFile:41 - Overriding database path with different value: C:\Users\aldai\.stmcufinder\plugins\mcufinder/ => C:\Users\aldai\.stmcufinder\plugins\mcufinder
2025-03-27 22:53:09,312 [INFO] ApiDb:250 - Set database path to: C:\Users\aldai\.stmcufinder\plugins\mcufinder//mcu/
2025-03-27 22:53:09,312 [WARN] DbFile:41 - Overriding database path with different value: C:\Users\aldai\.stmcufinder\plugins\mcufinder/ => C:\Users\aldai\.stmcufinder\plugins\mcufinder
2025-03-27 22:53:09,312 [INFO] DbMcusAds:125 - Set database path to: C:\Users\aldai\.stmcufinder\plugins\mcufinder//mcu/
2025-03-27 22:53:09,312 [WARN] DbFile:41 - Overriding database path with different value: C:\Users\aldai\.stmcufinder\plugins\mcufinder/ => C:\Users\aldai\.stmcufinder\plugins\mcufinder
2025-03-27 22:53:09,313 [WARN] DbFile:41 - Overriding database path with different value: C:\Users\aldai\.stmcufinder\plugins\mcufinder/ => C:\Users\aldai\.stmcufinder\plugins\mcufinder
2025-03-27 22:53:09,313 [INFO] CrossReferenceDbSqlite:203 - Set database path to: C:\Users\aldai\.stmcufinder\plugins\mcufinder//mcu/cs/
2025-03-27 22:53:09,422 [INFO] MainPanel:272 - HeapMemory: 268435456
2025-03-27 22:53:09,562 [INFO] DbMcusXml:78 - Set database path to: E:\ST\STM32CubeIDE_1.18.0\STM32CubeIDE\plugins\com.st.stm32cube.common.mx_6.14.0.202502271554\\db\/mcu/
2025-03-27 22:53:09,562 [INFO] ApiDb:274 - Set plugin database path to: E:\ST\STM32CubeIDE_1.18.0\STM32CubeIDE\plugins\com.st.stm32cube.common.mx_6.14.0.202502271554\\db\/plugins/boardmanager/
2025-03-27 22:53:09,562 [INFO] ApiDb:261 - Set plugin images path to: E:\ST\STM32CubeIDE_1.18.0\STM32CubeIDE\plugins\com.st.stm32cube.common.mx_6.14.0.202502271554\\db\/plugins/mcufinder/images/
2025-03-27 22:53:09,563 [WARN] DbFile:41 - Overriding database path with different value: C:\Users\aldai\.stmcufinder\plugins\mcufinder/ => C:\Users\aldai\.stmcufinder\plugins\mcufinder
2025-03-27 22:53:09,563 [INFO] ApiDb:250 - Set database path to: C:\Users\aldai\.stmcufinder\plugins\mcufinder//mcu/
2025-03-27 22:53:09,563 [WARN] DbFile:41 - Overriding database path with different value: C:\Users\aldai\.stmcufinder\plugins\mcufinder/ => C:\Users\aldai\.stmcufinder\plugins\mcufinder
2025-03-27 22:53:09,564 [INFO] DbMcusAds:125 - Set database path to: C:\Users\aldai\.stmcufinder\plugins\mcufinder//mcu/
2025-03-27 22:53:09,564 [WARN] DbFile:41 - Overriding database path with different value: C:\Users\aldai\.stmcufinder\plugins\mcufinder/ => C:\Users\aldai\.stmcufinder\plugins\mcufinder
2025-03-27 22:53:09,564 [WARN] DbFile:41 - Overriding database path with different value: C:\Users\aldai\.stmcufinder\plugins\mcufinder/ => C:\Users\aldai\.stmcufinder\plugins\mcufinder
2025-03-27 22:53:09,564 [INFO] CrossReferenceDbSqlite:203 - Set database path to: C:\Users\aldai\.stmcufinder\plugins\mcufinder//mcu/cs/
2025-03-27 22:53:09,633 [INFO] ApplicationProperties:184 - Using Application install path: E:\ST\STM32CubeIDE_1.18.0\STM32CubeIDE\plugins\com.st.stm32cube.common.mx_6.14.0.202502271554
2025-03-27 22:53:09,649 [INFO] PluginManage:196 - Search for loadable plugins [exclusion list=, ]
2025-03-27 22:53:09,652 [INFO] PluginManage:310 - Check plugin analytics
2025-03-27 22:53:14,918 [INFO] AnalyticsPlugin:253 - Accepted Software Licenses: 
2025-03-27 22:53:14,919 [INFO] AnalyticsPlugin:255 - Accepted CMSIS Pack Licenses: 
2025-03-27 22:53:14,919 [INFO] AnalyticsPlugin:257 - Accepted Firmware Licenses: 
2025-03-27 22:53:14,923 [INFO] PluginManage:359 - Loaded plugin analytics (category:tool,tabindex:-1)
2025-03-27 22:53:14,923 [INFO] PluginManage:310 - Check plugin cadmodel
2025-03-27 22:53:14,928 [INFO] CADModel:105 - Init CAD model plugin
2025-03-27 22:53:14,928 [INFO] PluginManage:359 - Loaded plugin cadmodel (category:power,tabindex:5)
2025-03-27 22:53:14,928 [INFO] PluginManage:310 - Check plugin clock
2025-03-27 22:53:14,940 [INFO] PluginManage:359 - Loaded plugin clock (category:base,tabindex:2)
2025-03-27 22:53:14,940 [INFO] PluginManage:310 - Check plugin ddr
2025-03-27 22:53:14,942 [INFO] PluginManage:359 - Loaded plugin ddr (category:tool,tabindex:6)
2025-03-27 22:53:14,942 [INFO] PluginManage:310 - Check plugin filemanager
2025-03-27 22:53:15,115 [INFO] PluginManage:359 - Loaded plugin filemanager (category:base,tabindex:10)
2025-03-27 22:53:15,115 [INFO] PluginManage:310 - Check plugin ipmanager
2025-03-27 22:53:15,123 [INFO] PluginManage:359 - Loaded plugin ipmanager (category:base,tabindex:5)
2025-03-27 22:53:15,123 [INFO] PluginManage:310 - Check plugin lpbam
2025-03-27 22:53:15,132 [INFO] PluginManage:359 - Loaded plugin lpbam (category:base,tabindex:0)
2025-03-27 22:53:15,133 [INFO] PluginManage:310 - Check plugin memorymap
2025-03-27 22:53:15,143 [INFO] PluginManage:359 - Loaded plugin memorymap (category:base,tabindex:4)
2025-03-27 22:53:15,144 [INFO] PluginManage:310 - Check plugin pinoutandconfiguration
2025-03-27 22:53:15,151 [INFO] PluginManage:359 - Loaded plugin pinoutandconfiguration (category:base,tabindex:1)
2025-03-27 22:53:15,153 [INFO] PluginManage:310 - Check plugin pinoutconfig
2025-03-27 22:53:15,247 [WARN] SupportedApi:132 - Cannot load RTOS API schema: s4s-elt-must-match.1: The content of 'definitions' must match (annotation?, (simpleType | complexType)?, (unique | key | keyref)*)). A problem was found starting at: attribute.
2025-03-27 22:53:15,387 [INFO] PluginManage:359 - Loaded plugin pinoutconfig (category:base,tabindex:0)
2025-03-27 22:53:15,387 [INFO] PluginManage:310 - Check plugin power
2025-03-27 22:53:15,398 [INFO] PluginManage:359 - Loaded plugin power (category:power,tabindex:4)
2025-03-27 22:53:15,399 [INFO] PluginManage:310 - Check plugin projectmanager
2025-03-27 22:53:15,421 [INFO] PluginManage:359 - Loaded plugin projectmanager (category:projectmanager,tabindex:4)
2025-03-27 22:53:15,421 [INFO] PluginManage:310 - Check plugin rif
2025-03-27 22:53:15,428 [INFO] PluginManage:359 - Loaded plugin rif (category:base,tabindex:3)
2025-03-27 22:53:15,428 [INFO] PluginManage:310 - Check plugin thirdparty
2025-03-27 22:53:15,572 [INFO] PluginManage:359 - Loaded plugin thirdparty (category:base,tabindex:-1)
2025-03-27 22:53:15,572 [WARN] IntegrityCheckThread:84 - waiting for thirdparty lock release [integrity check]
2025-03-27 22:53:15,572 [INFO] PluginManage:310 - Check plugin tools
2025-03-27 22:53:15,572 [INFO] IntegrityCheckThread:86 - entering critical section [integrity check]
2025-03-27 22:53:15,573 [INFO] ThirdPartyUpdaterWithRetryManager:70 - Updater plugin not ready yet. [1/15]
2025-03-27 22:53:15,576 [INFO] PluginManage:359 - Loaded plugin tools (category:base,tabindex:7)
2025-03-27 22:53:15,576 [INFO] PluginManage:310 - Check plugin tutovideos
2025-03-27 22:53:15,768 [INFO] PluginManage:359 - Loaded plugin tutovideos (category:base,tabindex:-1)
2025-03-27 22:53:15,768 [INFO] PluginManage:310 - Check plugin updater
2025-03-27 22:53:15,793 [INFO] PluginManage:359 - Loaded plugin updater (category:base,tabindex:12)
2025-03-27 22:53:15,794 [INFO] PluginManage:310 - Check plugin userauth
2025-03-27 22:53:15,799 [INFO] UserAuth:118 - Init User Auth plugin
2025-03-27 22:53:15,800 [INFO] PluginManage:359 - Loaded plugin userauth (category:base,tabindex:14)
2025-03-27 22:53:15,801 [INFO] PluginManage:283 - PluginManage : Loaded plugins [18]
2025-03-27 22:53:16,074 [INFO] PinOutPanel:1589 - setPackage(No Configuration,No Configuration)
2025-03-27 22:53:16,187 [INFO] CADModel:165 - CPN selected for project level
2025-03-27 22:53:16,187 [INFO] CADModel:114 - Register for checkConnection events
2025-03-27 22:53:16,203 [INFO] IPUIPlugin:80 - create IPUIPlugin
2025-03-27 22:53:16,204 [INFO] PluginManager:220 - loadIPPluginJar : add adc
2025-03-27 22:53:16,206 [INFO] IPUIPlugin:80 - create IPUIPlugin
2025-03-27 22:53:16,206 [INFO] PluginManager:220 - loadIPPluginJar : add aes
2025-03-27 22:53:16,209 [INFO] IPUIPlugin:80 - create IPUIPlugin
2025-03-27 22:53:16,209 [INFO] PluginManager:220 - loadIPPluginJar : add can
2025-03-27 22:53:16,211 [INFO] IPUIPlugin:80 - create IPUIPlugin
2025-03-27 22:53:16,212 [INFO] PluginManager:220 - loadIPPluginJar : add comp
2025-03-27 22:53:16,214 [INFO] IPUIPlugin:80 - create IPUIPlugin
2025-03-27 22:53:16,214 [INFO] PluginManager:220 - loadIPPluginJar : add cryp
2025-03-27 22:53:16,217 [INFO] IPUIPlugin:80 - create IPUIPlugin
2025-03-27 22:53:16,217 [INFO] PluginManager:220 - loadIPPluginJar : add ddr_ctrl_phy
2025-03-27 22:53:16,219 [INFO] IPUIPlugin:80 - create IPUIPlugin
2025-03-27 22:53:16,220 [INFO] PluginManager:220 - loadIPPluginJar : add dfsdm
2025-03-27 22:53:16,227 [INFO] IPUIPlugin:80 - create IPUIPlugin
2025-03-27 22:53:16,227 [INFO] PluginManager:220 - loadIPPluginJar : add dma
2025-03-27 22:53:16,230 [INFO] IPUIPlugin:80 - create IPUIPlugin
2025-03-27 22:53:16,230 [INFO] PluginManager:220 - loadIPPluginJar : add dma3
2025-03-27 22:53:16,233 [INFO] IPUIPlugin:80 - create IPUIPlugin
2025-03-27 22:53:16,233 [INFO] PluginManager:220 - loadIPPluginJar : add extmemmanager
2025-03-27 22:53:16,234 [INFO] IPUIPlugin:80 - create IPUIPlugin
2025-03-27 22:53:16,235 [INFO] PluginManager:220 - loadIPPluginJar : add fatfs
2025-03-27 22:53:16,240 [INFO] IPUIPlugin:80 - create IPUIPlugin
2025-03-27 22:53:16,240 [INFO] PluginManager:220 - loadIPPluginJar : add fmc
2025-03-27 22:53:16,245 [INFO] IPUIPlugin:80 - create IPUIPlugin
2025-03-27 22:53:16,245 [INFO] PluginManager:220 - loadIPPluginJar : add freertos
2025-03-27 22:53:16,247 [INFO] IPUIPlugin:80 - create IPUIPlugin
2025-03-27 22:53:16,247 [INFO] PluginManager:220 - loadIPPluginJar : add genericplugin
2025-03-27 22:53:16,248 [INFO] IPUIPlugin:80 - create IPUIPlugin
2025-03-27 22:53:16,249 [INFO] PluginManager:220 - loadIPPluginJar : add gfxmmu
2025-03-27 22:53:16,255 [INFO] IPUIPlugin:80 - create IPUIPlugin
2025-03-27 22:53:16,256 [INFO] PluginManager:220 - loadIPPluginJar : add gic
2025-03-27 22:53:16,259 [INFO] IPUIPlugin:80 - create IPUIPlugin
2025-03-27 22:53:16,260 [INFO] PluginManager:220 - loadIPPluginJar : add gpio
2025-03-27 22:53:16,263 [INFO] IPUIPlugin:80 - create IPUIPlugin
2025-03-27 22:53:16,264 [INFO] PluginManager:220 - loadIPPluginJar : add gtzc
2025-03-27 22:53:16,267 [INFO] IPUIPlugin:80 - create IPUIPlugin
2025-03-27 22:53:16,267 [INFO] PluginManager:220 - loadIPPluginJar : add hash
2025-03-27 22:53:16,270 [INFO] IPUIPlugin:80 - create IPUIPlugin
2025-03-27 22:53:16,270 [INFO] PluginManager:220 - loadIPPluginJar : add i2c
2025-03-27 22:53:16,272 [INFO] IPUIPlugin:80 - create IPUIPlugin
2025-03-27 22:53:16,272 [INFO] PluginManager:220 - loadIPPluginJar : add i2s
2025-03-27 22:53:16,276 [INFO] IPUIPlugin:80 - create IPUIPlugin
2025-03-27 22:53:16,277 [INFO] PluginManager:220 - loadIPPluginJar : add i3c
2025-03-27 22:53:16,281 [INFO] IPUIPlugin:80 - create IPUIPlugin
2025-03-27 22:53:16,281 [INFO] PluginManager:220 - loadIPPluginJar : add ipddr
2025-03-27 22:53:16,288 [INFO] IPUIPlugin:80 - create IPUIPlugin
2025-03-27 22:53:16,288 [INFO] PluginManager:220 - loadIPPluginJar : add linkedlist
2025-03-27 22:53:16,291 [INFO] IPUIPlugin:80 - create IPUIPlugin
2025-03-27 22:53:16,293 [INFO] PluginManager:220 - loadIPPluginJar : add lorawan
2025-03-27 22:53:16,295 [INFO] IPUIPlugin:80 - create IPUIPlugin
2025-03-27 22:53:16,295 [INFO] PluginManager:220 - loadIPPluginJar : add ltdc
2025-03-27 22:53:16,301 [INFO] IPUIPlugin:80 - create IPUIPlugin
2025-03-27 22:53:16,301 [INFO] PluginManager:220 - loadIPPluginJar : add mdma
2025-03-27 22:53:16,305 [INFO] IPUIPlugin:80 - create IPUIPlugin
2025-03-27 22:53:16,305 [INFO] PluginManager:220 - loadIPPluginJar : add nvic
2025-03-27 22:53:16,309 [INFO] IPUIPlugin:80 - create IPUIPlugin
2025-03-27 22:53:16,309 [INFO] PluginManager:220 - loadIPPluginJar : add opamp
2025-03-27 22:53:16,312 [INFO] IPUIPlugin:80 - create IPUIPlugin
2025-03-27 22:53:16,313 [INFO] PluginManager:220 - loadIPPluginJar : add openamp
2025-03-27 22:53:16,315 [INFO] IPUIPlugin:80 - create IPUIPlugin
2025-03-27 22:53:16,316 [INFO] PluginManager:220 - loadIPPluginJar : add pdm2pcm
2025-03-27 22:53:16,322 [INFO] IPUIPlugin:80 - create IPUIPlugin
2025-03-27 22:53:16,325 [INFO] PluginManager:220 - loadIPPluginJar : add plateformsettings
2025-03-27 22:53:16,327 [INFO] IPUIPlugin:80 - create IPUIPlugin
2025-03-27 22:53:16,327 [INFO] PluginManager:220 - loadIPPluginJar : add quadspi
2025-03-27 22:53:16,329 [INFO] IPUIPlugin:80 - create IPUIPlugin
2025-03-27 22:53:16,330 [INFO] PluginManager:220 - loadIPPluginJar : add radio
2025-03-27 22:53:16,335 [INFO] IPUIPlugin:80 - create IPUIPlugin
2025-03-27 22:53:16,335 [INFO] PluginManager:220 - loadIPPluginJar : add resmgrutility
2025-03-27 22:53:16,338 [INFO] IPUIPlugin:80 - create IPUIPlugin
2025-03-27 22:53:16,338 [INFO] PluginManager:220 - loadIPPluginJar : add sai
2025-03-27 22:53:16,341 [INFO] IPUIPlugin:80 - create IPUIPlugin
2025-03-27 22:53:16,341 [INFO] PluginManager:220 - loadIPPluginJar : add spi
2025-03-27 22:53:16,346 [INFO] IPUIPlugin:80 - create IPUIPlugin
2025-03-27 22:53:16,347 [INFO] PluginManager:220 - loadIPPluginJar : add stm32_wpan
2025-03-27 22:53:16,348 [INFO] IPUIPlugin:80 - create IPUIPlugin
2025-03-27 22:53:16,348 [INFO] PluginManager:220 - loadIPPluginJar : add tim
2025-03-27 22:53:16,352 [INFO] IPUIPlugin:80 - create IPUIPlugin
2025-03-27 22:53:16,352 [INFO] PluginManager:220 - loadIPPluginJar : add touchsensing
2025-03-27 22:53:16,354 [INFO] IPUIPlugin:80 - create IPUIPlugin
2025-03-27 22:53:16,354 [INFO] PluginManager:220 - loadIPPluginJar : add tracer_emb
2025-03-27 22:53:16,356 [INFO] IPUIPlugin:80 - create IPUIPlugin
2025-03-27 22:53:16,356 [INFO] PluginManager:220 - loadIPPluginJar : add ts
2025-03-27 22:53:16,358 [INFO] IPUIPlugin:80 - create IPUIPlugin
2025-03-27 22:53:16,359 [INFO] PluginManager:220 - loadIPPluginJar : add tsc
2025-03-27 22:53:16,361 [INFO] IPUIPlugin:80 - create IPUIPlugin
2025-03-27 22:53:16,361 [INFO] PluginManager:220 - loadIPPluginJar : add ucpd
2025-03-27 22:53:16,363 [INFO] IPUIPlugin:80 - create IPUIPlugin
2025-03-27 22:53:16,364 [INFO] PluginManager:220 - loadIPPluginJar : add usart
2025-03-27 22:53:16,366 [INFO] IPUIPlugin:80 - create IPUIPlugin
2025-03-27 22:53:16,367 [INFO] PluginManager:220 - loadIPPluginJar : add usbx
2025-03-27 22:53:16,522 [FATAL] Updater:351 - Updater called before beeing initialized
2025-03-27 22:53:16,555 [INFO] RulesReader:64 - Compatibility file has been processed (301 Rules)
2025-03-27 22:53:16,572 [INFO] RulesReader:64 - Compatibility file has been processed (301 Rules)
2025-03-27 22:53:16,582 [INFO] CADModel:165 - CPN selected for project level
2025-03-27 22:53:16,582 [INFO] CADModel:114 - Register for checkConnection events
2025-03-27 22:53:16,583 [FATAL] Updater:351 - Updater called before beeing initialized
2025-03-27 22:53:16,583 [ERROR] CADModel:125 - Updater not yet initialized, retry later 
2025-03-27 22:53:16,806 [FATAL] Updater:351 - Updater called before beeing initialized
2025-03-27 22:53:16,807 [INFO] CADModel:165 - CPN selected for project level
2025-03-27 22:53:16,807 [INFO] CADModel:114 - Register for checkConnection events
2025-03-27 22:53:16,808 [FATAL] Updater:351 - Updater called before beeing initialized
2025-03-27 22:53:16,808 [ERROR] CADModel:125 - Updater not yet initialized, retry later 
2025-03-27 22:53:16,811 [FATAL] Updater:351 - Updater called before beeing initialized
2025-03-27 22:53:17,006 [FATAL] Updater:351 - Updater called before beeing initialized
2025-03-27 22:53:17,010 [INFO] DbMcusAds:53 - JSON generation date=Thu Sep 30 00:55:09 CST 2021 (1632984909247)
2025-03-27 22:53:17,011 [FATAL] Updater:351 - Updater called before beeing initialized
2025-03-27 22:53:17,062 [WARN] DetailPanel:346 - Failed to get advertising image, set to default
2025-03-27 22:53:17,414 [FATAL] Updater:351 - Updater called before beeing initialized
2025-03-27 22:53:17,416 [FATAL] Updater:351 - Updater called before beeing initialized
2025-03-27 22:53:17,416 [FATAL] Updater:351 - Updater called before beeing initialized
2025-03-27 22:53:17,417 [WARN] DetailPanel:346 - Failed to get advertising image, set to default
2025-03-27 22:53:17,418 [FATAL] Updater:351 - Updater called before beeing initialized
2025-03-27 22:53:17,495 [ERROR] Updater:1198 - MainUpdater not yet initialized. External WinMGr cannot be set.
2025-03-27 22:53:17,497 [INFO] Updater:1134 - Updater Version found : 6.14.0
2025-03-27 22:53:17,514 [INFO] ApplicationProperties:184 - Using Application install path: E:\ST\STM32CubeIDE_1.18.0\STM32CubeIDE\plugins\com.st.stm32cube.common.mx_6.14.0.202502271554
2025-03-27 22:53:18,574 [INFO] ThirdPartyUpdaterWithRetryManager:70 - Updater plugin not ready yet. [2/15]
2025-03-27 22:53:19,089 [ERROR] LogOutputStream:75 - [STDERR_REDIRECT] Mar 27, 2025 10:53:19 PM java.util.prefs.WindowsPreferences <init>
2025-03-27 22:53:19,093 [ERROR] LogOutputStream:75 - [STDERR_REDIRECT] WARNING: Could not open/create prefs root node Software\JavaSoft\Prefs at root 0xffffffff80000002. Windows RegCreateKeyEx(...) returned error code 5.
2025-03-27 22:53:19,093 [ERROR] LogOutputStream:75 - [STDERR_REDIRECT] 
2025-03-27 22:53:19,114 [INFO] MainUpdater:525 - Copy updater definitions from MX database
2025-03-27 22:53:19,176 [INFO] MainUpdater:558 - Copy flag file definitions from MX database
2025-03-27 22:53:19,178 [INFO] MainUpdater:574 - Copy thirdparty index definitions from MX database
2025-03-27 22:53:19,180 [INFO] MainUpdater:593 - Copy default thirdparty db definitions from MX database
2025-03-27 22:53:19,565 [INFO] MainUpdater:2872 - connection check result : 10
2025-03-27 22:53:19,565 [INFO] MainUpdater:3566 - Updater definition file requires update
2025-03-27 22:53:19,566 [INFO] MainUpdater:289 - Updater Check For Update Now.
2025-03-27 22:53:19,566 [INFO] MicroXplorer:498 - Change Database Version : DB.6.0.140
2025-03-27 22:53:19,582 [INFO] McuFinderGlobals:63 - Set McuFinder mode to 2 (CubeIDE integrated)
2025-03-27 22:53:19,582 [INFO] UserAuth:171 - activating auth plugin
2025-03-27 22:53:19,585 [INFO] UserAuth:486 - Internet connection configuration mode: 1
2025-03-27 22:53:19,600 [INFO] JxBrowserEngine:152 - Initiate JxBrowser Engine with user profile folder
2025-03-27 22:53:20,140 [INFO] ServerAccessManage:473 - Download File updaters.zip
2025-03-27 22:53:20,372 [INFO] FileExtend:242 - Unzip File : updaters.zip
2025-03-27 22:53:20,373 [INFO] FileExtend:257 - Standard Zip Deflate
2025-03-27 22:53:21,411 [INFO] ServerAccessManage:473 - Download File PacksControlFlags.xml
2025-03-27 22:53:22,395 [WARN] MainUpdater:1193 - Updater busy. Cannot search thirdparties
2025-03-27 22:53:22,395 [INFO] ThirdPartyUpdaterWithRetryManager:96 - Updater plugin is busy. [1/15]
2025-03-27 22:53:22,787 [INFO] ServerAccessManage:473 - Download File cubemx.pidx
2025-03-27 22:53:23,621 [INFO] ServerAccessManage:473 - Download File STMicroelectronics.FP-ATR-ASTRA1.pdsc
2025-03-27 22:53:25,396 [WARN] MainUpdater:1193 - Updater busy. Cannot search thirdparties
2025-03-27 22:53:25,396 [INFO] ThirdPartyUpdaterWithRetryManager:96 - Updater plugin is busy. [2/15]
2025-03-27 22:53:26,707 [INFO] ServerAccessManage:473 - Download File STMicroelectronics.FP-ATR-SIGFOX1.pdsc
2025-03-27 22:53:27,856 [INFO] ServerAccessManage:473 - Download File STMicroelectronics.FP-SNS-STBOX1.pdsc
2025-03-27 22:53:28,041 [INFO] WebApp:169 - Instantiating new browser for Auth
2025-03-27 22:53:28,397 [WARN] MainUpdater:1193 - Updater busy. Cannot search thirdparties
2025-03-27 22:53:28,397 [INFO] ThirdPartyUpdaterWithRetryManager:96 - Updater plugin is busy. [3/15]
2025-03-27 22:53:28,991 [INFO] WebApp:463 - Apply proxy settings
2025-03-27 22:53:28,991 [INFO] WebApp:548 - Chromium requires no authentication
2025-03-27 22:53:28,999 [INFO] WebApp:491 - Direct internet connection detected
2025-03-27 22:53:29,036 [INFO] WebApp:894 - Register for checkConnection events
2025-03-27 22:53:29,036 [INFO] WebApp:463 - Apply proxy settings
2025-03-27 22:53:29,036 [INFO] WebApp:548 - Chromium requires no authentication
2025-03-27 22:53:29,037 [INFO] WebApp:491 - Direct internet connection detected
2025-03-27 22:53:29,104 [INFO] ServerAccessManage:473 - Download File STMicroelectronics.FP-SNS-FLIGHT1.pdsc
2025-03-27 22:53:29,308 [INFO] WebApp:191 - Connection restablished
2025-03-27 22:53:29,320 [INFO] WebApp:225 - Starting web application
2025-03-27 22:53:29,320 [INFO] WebApp:593 - Web application path used E:\ST\STM32CubeIDE_1.18.0\STM32CubeIDE\plugins\com.st.stm32cube.common.mx_6.14.0.202502271554\db\plugins\mcufinder\reactClient1\index.html
2025-03-27 22:53:31,398 [WARN] MainUpdater:1193 - Updater busy. Cannot search thirdparties
2025-03-27 22:53:31,398 [INFO] ThirdPartyUpdaterWithRetryManager:96 - Updater plugin is busy. [4/15]
2025-03-27 22:53:31,611 [INFO] ServerAccessManage:473 - Download File STMicroelectronics.FP-SNS-MOTENV1.pdsc
2025-03-27 22:53:34,035 [INFO] ServerAccessManage:473 - Download File STMicroelectronics.FP-SNS-MOTENVWB1.pdsc
2025-03-27 22:53:34,399 [WARN] MainUpdater:1193 - Updater busy. Cannot search thirdparties
2025-03-27 22:53:34,399 [INFO] ThirdPartyUpdaterWithRetryManager:96 - Updater plugin is busy. [5/15]
2025-03-27 22:53:36,078 [INFO] ServerAccessManage:473 - Download File STMicroelectronics.FP-SNS-SMARTAG2.pdsc
2025-03-27 22:53:37,102 [INFO] ServerAccessManage:473 - Download File STMicroelectronics.X-CUBE-AI.pdsc
2025-03-27 22:53:37,399 [WARN] MainUpdater:1193 - Updater busy. Cannot search thirdparties
2025-03-27 22:53:37,399 [INFO] ThirdPartyUpdaterWithRetryManager:96 - Updater plugin is busy. [6/15]
2025-03-27 22:53:40,400 [WARN] MainUpdater:1193 - Updater busy. Cannot search thirdparties
2025-03-27 22:53:40,400 [INFO] ThirdPartyUpdaterWithRetryManager:96 - Updater plugin is busy. [7/15]
2025-03-27 22:53:43,401 [WARN] MainUpdater:1193 - Updater busy. Cannot search thirdparties
2025-03-27 22:53:43,401 [INFO] ThirdPartyUpdaterWithRetryManager:96 - Updater plugin is busy. [8/15]
2025-03-27 22:53:46,275 [INFO] ServerAccessManage:473 - Download File STMicroelectronics.X-CUBE-ALS.pdsc
2025-03-27 22:53:46,404 [WARN] MainUpdater:1193 - Updater busy. Cannot search thirdparties
2025-03-27 22:53:46,404 [INFO] ThirdPartyUpdaterWithRetryManager:96 - Updater plugin is busy. [9/15]
2025-03-27 22:53:48,424 [INFO] ServerAccessManage:473 - Download File STMicroelectronics.X-CUBE-BLE1.pdsc
2025-03-27 22:53:49,405 [WARN] MainUpdater:1193 - Updater busy. Cannot search thirdparties
2025-03-27 22:53:49,405 [INFO] ThirdPartyUpdaterWithRetryManager:96 - Updater plugin is busy. [10/15]
2025-03-27 22:53:52,406 [WARN] MainUpdater:1193 - Updater busy. Cannot search thirdparties
2025-03-27 22:53:52,406 [INFO] ThirdPartyUpdaterWithRetryManager:96 - Updater plugin is busy. [11/15]
2025-03-27 22:53:55,407 [WARN] MainUpdater:1193 - Updater busy. Cannot search thirdparties
2025-03-27 22:53:55,407 [INFO] ThirdPartyUpdaterWithRetryManager:96 - Updater plugin is busy. [12/15]
2025-03-27 22:53:56,257 [ERROR] ServerAccessManage:1089 - Problem, file not found on Server
2025-03-27 22:53:56,827 [INFO] ServerAccessManage:473 - Download File STMicroelectronics.X-CUBE-BLE2.pdsc
2025-03-27 22:53:58,409 [WARN] MainUpdater:1193 - Updater busy. Cannot search thirdparties
2025-03-27 22:53:58,409 [INFO] ThirdPartyUpdaterWithRetryManager:96 - Updater plugin is busy. [13/15]
2025-03-27 22:54:00,955 [INFO] ServerAccessManage:473 - Download File STMicroelectronics.X-CUBE-BLEMGR.pdsc
2025-03-27 22:54:01,410 [WARN] MainUpdater:1193 - Updater busy. Cannot search thirdparties
2025-03-27 22:54:01,410 [INFO] ThirdPartyUpdaterWithRetryManager:96 - Updater plugin is busy. [14/15]
2025-03-27 22:54:01,974 [ERROR] ServerAccessManage:1089 - Problem, file not found on Server
2025-03-27 22:54:04,411 [WARN] MainUpdater:1193 - Updater busy. Cannot search thirdparties
2025-03-27 22:54:04,411 [INFO] ThirdPartyUpdaterWithRetryManager:96 - Updater plugin is busy. [15/15]
2025-03-27 22:54:04,412 [ERROR] IntegrityCheckThread:130 - Cannot retrieve database content from updater: error -1
2025-03-27 22:54:04,412 [INFO] ThirdParty:978 - Integrity check success = false
2025-03-27 22:54:04,412 [INFO] IntegrityCheckThread:100 - exiting critical section [integrity check]
2025-03-27 22:54:04,412 [INFO] IntegrityCheckThread:103 - End integrity checks thread
2025-03-27 22:54:06,594 [INFO] ServerAccessManage:473 - Download File STMicroelectronics.X-CUBE-DISPLAY.pdsc
2025-03-27 22:54:09,616 [INFO] ServerAccessManage:473 - Download File STMicroelectronics.X-CUBE-DPOWER.pdsc
2025-03-27 22:54:10,444 [ERROR] ServerAccessManage:1089 - Problem, file not found on Server
2025-03-27 22:54:10,901 [ERROR] ServerAccessManage:1089 - Problem, file not found on Server
2025-03-27 22:54:11,471 [ERROR] ServerAccessManage:1089 - Problem, file not found on Server
2025-03-27 22:54:11,921 [ERROR] ServerAccessManage:1089 - Problem, file not found on Server
2025-03-27 22:54:12,381 [ERROR] ServerAccessManage:1089 - Problem, file not found on Server
2025-03-27 22:54:12,735 [ERROR] ServerAccessManage:1089 - Problem, file not found on Server
2025-03-27 22:54:13,244 [ERROR] ServerAccessManage:1089 - Problem, file not found on Server
2025-03-27 22:54:13,717 [ERROR] ServerAccessManage:1089 - Problem, file not found on Server
2025-03-27 22:54:14,430 [ERROR] ServerAccessManage:1089 - Problem, file not found on Server
2025-03-27 22:54:14,936 [ERROR] ServerAccessManage:1089 - Problem, file not found on Server
2025-03-27 22:54:15,397 [ERROR] ServerAccessManage:1089 - Problem, file not found on Server
2025-03-27 22:54:15,899 [INFO] ServerAccessManage:473 - Download File STMicroelectronics.X-CUBE-EEPRMA1.pdsc
2025-03-27 22:54:16,963 [ERROR] ServerAccessManage:1089 - Problem, file not found on Server
2025-03-27 22:54:18,040 [ERROR] ServerAccessManage:1089 - Problem, file not found on Server
2025-03-27 22:54:20,001 [INFO] ServerAccessManage:473 - Download File STMicroelectronics.X-CUBE-FREERTOS.pdsc
2025-03-27 22:54:22,831 [INFO] ServerAccessManage:473 - Download File STMicroelectronics.X-CUBE-GNSS1.pdsc
2025-03-27 22:54:27,972 [ERROR] ServerAccessManage:1089 - Problem, file not found on Server
2025-03-27 22:54:28,527 [ERROR] ServerAccessManage:1089 - Problem, file not found on Server
2025-03-27 22:54:29,744 [ERROR] ServerAccessManage:1089 - Problem, file not found on Server
2025-03-27 22:54:30,277 [ERROR] ServerAccessManage:1089 - Problem, file not found on Server
2025-03-27 22:54:30,729 [ERROR] ServerAccessManage:1089 - Problem, file not found on Server
2025-03-27 22:54:31,234 [ERROR] ServerAccessManage:1089 - Problem, file not found on Server
2025-03-27 22:54:31,739 [INFO] ServerAccessManage:473 - Download File STMicroelectronics.X-CUBE-ISPU.pdsc
2025-03-27 22:54:34,837 [INFO] ServerAccessManage:473 - Download File STMicroelectronics.X-CUBE-IPS.pdsc
2025-03-27 22:54:36,440 [INFO] ServerAccessManage:473 - Download File STMicroelectronics.X-CUBE-MEMS1.pdsc
2025-03-27 22:54:49,899 [INFO] ServerAccessManage:473 - Download File STMicroelectronics.X-CUBE-NFC4.pdsc
2025-03-27 22:54:56,664 [INFO] ServerAccessManage:473 - Download File STMicroelectronics.X-CUBE-NFC6.pdsc
2025-03-27 22:54:58,288 [INFO] ServerAccessManage:473 - Download File STMicroelectronics.X-CUBE-NFC7.pdsc
2025-03-27 22:54:59,101 [INFO] ServerAccessManage:473 - Download File STMicroelectronics.X-CUBE-NFC9.pdsc
2025-03-27 22:55:00,190 [INFO] ServerAccessManage:473 - Download File STMicroelectronics.X-CUBE-NFC10.pdsc
2025-03-27 22:55:01,199 [INFO] ServerAccessManage:473 - Download File STMicroelectronics.X-CUBE-SFXS2LP1.pdsc
2025-03-27 22:55:03,115 [INFO] ServerAccessManage:473 - Download File STMicroelectronics.X-CUBE-SAFEA1.pdsc
2025-03-27 22:55:04,078 [INFO] ServerAccessManage:473 - Download File STMicroelectronics.X-CUBE-SUBG2.pdsc
2025-03-27 22:55:08,952 [INFO] ServerAccessManage:473 - Download File STMicroelectronics.X-CUBE-SMBUS.pdsc
2025-03-27 22:55:09,766 [ERROR] ServerAccessManage:1089 - Problem, file not found on Server
2025-03-27 22:55:10,306 [INFO] ServerAccessManage:473 - Download File STMicroelectronics.X-CUBE-TCPP.pdsc
2025-03-27 22:55:11,739 [INFO] ServerAccessManage:473 - Download File STMicroelectronics.X-CUBE-TOF1.pdsc
2025-03-27 22:55:16,791 [ERROR] ServerAccessManage:1089 - Problem, file not found on Server
2025-03-27 22:55:17,570 [INFO] ServerAccessManage:473 - Download File STMicroelectronics.X-CUBE-TOUCHGFX.pdsc
2025-03-27 22:55:30,284 [INFO] ServerAccessManage:473 - Download File STMicroelectronics.X-CUBE-ALGOBUILD.pdsc
2025-03-27 22:55:32,973 [INFO] ServerAccessManage:473 - Download File STMicroelectronics.X-CUBE-AZRTOS-H7.pdsc
2025-03-27 22:55:37,093 [INFO] ServerAccessManage:473 - Download File STMicroelectronics.X-CUBE-AZRTOS-H7RS.pdsc
2025-03-27 22:55:38,439 [INFO] ServerAccessManage:473 - Download File STMicroelectronics.X-CUBE-AZRTOS-F4.pdsc
2025-03-27 22:55:39,951 [INFO] ServerAccessManage:473 - Download File STMicroelectronics.X-CUBE-AZRTOS-F7.pdsc
2025-03-27 22:55:41,703 [INFO] ServerAccessManage:473 - Download File STMicroelectronics.X-CUBE-AZRTOS-L4.pdsc
2025-03-27 22:55:43,164 [INFO] ServerAccessManage:473 - Download File STMicroelectronics.X-CUBE-AZRTOS-L5.pdsc
2025-03-27 22:55:44,988 [INFO] ServerAccessManage:473 - Download File STMicroelectronics.X-CUBE-AZRTOS-G0.pdsc
2025-03-27 22:55:46,750 [INFO] ServerAccessManage:473 - Download File STMicroelectronics.X-CUBE-AZRTOS-G4.pdsc
2025-03-27 22:55:48,327 [INFO] ServerAccessManage:473 - Download File STMicroelectronics.X-CUBE-AZRTOS-WB.pdsc
2025-03-27 22:55:50,028 [INFO] ServerAccessManage:473 - Download File STMicroelectronics.X-CUBE-AZRTOS-WL.pdsc
2025-03-27 22:55:52,200 [INFO] ServerAccessManage:473 - Download File STMicroelectronics.X-CUBE-WB05N.pdsc
2025-03-27 22:55:53,341 [INFO] ServerAccessManage:473 - Download File wolfSSL.I-CUBE-wolfSSL.pdsc
2025-03-27 22:55:57,323 [ERROR] ServerAccessManage:1089 - Problem, file not found on Server
2025-03-27 22:55:57,714 [ERROR] ServerAccessManage:1089 - Problem, file not found on Server
2025-03-27 22:55:58,173 [ERROR] ServerAccessManage:1089 - Problem, file not found on Server
2025-03-27 22:55:58,256 [INFO] ServerAccessManage:473 - Download File wolfSSL.I-CUBE-wolfMQTT.pdsc
2025-03-27 22:55:59,363 [ERROR] ServerAccessManage:1089 - Problem, file not found on Server
2025-03-27 22:55:59,440 [INFO] ServerAccessManage:473 - Download File wolfSSL.I-CUBE-wolfTPM.pdsc
2025-03-27 22:56:00,618 [INFO] ServerAccessManage:473 - Download File wolfSSL.I-CUBE-wolfSSH.pdsc
2025-03-27 22:56:02,925 [INFO] ServerAccessManage:473 - Download File RealThread.X-CUBE-RT-Thread_Nano.pdsc
2025-03-27 22:56:03,975 [INFO] ServerAccessManage:473 - Download File SEGGER.I-CUBE-embOS.pdsc
2025-03-27 22:56:06,148 [INFO] ServerAccessManage:473 - Download File portGmbH.I-Cube-SoM-uGOAL.pdsc
2025-03-27 22:56:07,847 [ERROR] ServerAccessManage:1089 - Problem, file not found on Server
2025-03-27 22:56:08,015 [ERROR] ServerAccessManage:1089 - Problem, file not found on Server
2025-03-27 22:56:08,180 [ERROR] ServerAccessManage:1089 - Problem, file not found on Server
2025-03-27 22:56:08,994 [INFO] ServerAccessManage:473 - Download File emotas.I-CUBE-CANOPEN.pdsc
2025-03-27 22:56:10,020 [INFO] ServerAccessManage:473 - Download File WES.I-CUBE-Cesium.pdsc
2025-03-27 22:56:10,632 [ERROR] ServerAccessManage:1089 - Problem, file not found on Server
2025-03-27 22:56:10,824 [ERROR] ServerAccessManage:1089 - Problem, file not found on Server
2025-03-27 22:56:11,461 [INFO] ServerAccessManage:473 - Download File ITTIA_DB.I-CUBE-ITTIADB.pdsc
2025-03-27 22:56:14,085 [INFO] ServerAccessManage:473 - Download File Infineon.AIROC-Wi-Fi-Bluetooth-STM32.pdsc
2025-03-27 22:56:17,648 [INFO] ServerAccessManage:473 - Download File Cesanta.I-CUBE-Mongoose.pdsc
2025-03-27 22:56:20,431 [INFO] ServerAccessManage:473 - Download File EmbeddedOffice.I-CUBE-FS-RTOS.pdsc
2025-03-27 22:56:21,347 [INFO] ServerAccessManage:473 - Download File quantropi.X-CUBE-qispace-sdk-base.pdsc
2025-03-27 22:56:21,745 [WARN] PackLoader:240 - Cannot read IP mode file for STMicroelectronics.FP-ATR-ASTRA1.2.0.2
2025-03-27 22:56:21,755 [WARN] CheckServerUpdateThread:151 - Open CheckUpdateFile Fail
2025-03-27 22:56:21,756 [WARN] PackLoader:240 - Cannot read IP mode file for STMicroelectronics.FP-ATR-SIGFOX1.3.2.0
2025-03-27 22:56:21,808 [WARN] PackLoader:240 - Cannot read IP mode file for STMicroelectronics.FP-SNS-STBOX1.2.0.0
2025-03-27 22:56:21,826 [WARN] PackLoader:240 - Cannot read IP mode file for STMicroelectronics.FP-SNS-FLIGHT1.5.1.0
2025-03-27 22:56:21,834 [WARN] PackLoader:240 - Cannot read IP mode file for STMicroelectronics.FP-SNS-MOTENV1.5.0.0
2025-03-27 22:56:21,845 [WARN] PackLoader:240 - Cannot read IP mode file for STMicroelectronics.FP-SNS-MOTENVWB1.1.4.0
2025-03-27 22:56:21,853 [WARN] PackLoader:240 - Cannot read IP mode file for STMicroelectronics.FP-SNS-SMARTAG2.1.2.0
2025-03-27 22:56:21,859 [WARN] PackLoader:240 - Cannot read IP mode file for STMicroelectronics.X-CUBE-AI.10.0.0
2025-03-27 22:56:21,870 [WARN] PackLoader:240 - Cannot read IP mode file for STMicroelectronics.X-CUBE-ALS.1.0.2
2025-03-27 22:56:21,881 [WARN] PackLoader:240 - Cannot read IP mode file for STMicroelectronics.X-CUBE-BLE1.7.1.0
2025-03-27 22:56:21,889 [WARN] PackLoader:240 - Cannot read IP mode file for STMicroelectronics.X-CUBE-BLE2.3.3.0
2025-03-27 22:56:21,893 [INFO] CheckServerUpdateThread:120 - End of CheckServer Thread
2025-03-27 22:56:21,910 [WARN] PackLoader:240 - Cannot read IP mode file for STMicroelectronics.X-CUBE-BLEMGR.4.0.0
2025-03-27 22:56:21,932 [WARN] PackLoader:240 - Cannot read IP mode file for STMicroelectronics.X-CUBE-DISPLAY.3.0.0
2025-03-27 22:56:21,950 [WARN] PackLoader:240 - Cannot read IP mode file for STMicroelectronics.X-CUBE-DPower.1.3.0
2025-03-27 22:56:21,960 [WARN] PackLoader:240 - Cannot read IP mode file for STMicroelectronics.X-CUBE-EEPRMA1.5.1.0
2025-03-27 22:56:21,969 [WARN] PackLoader:240 - Cannot read IP mode file for STMicroelectronics.X-CUBE-FREERTOS.1.3.0
2025-03-27 22:56:21,977 [WARN] PackLoader:240 - Cannot read IP mode file for STMicroelectronics.X-CUBE-GNSS1.7.0.1
2025-03-27 22:56:21,983 [WARN] PackLoader:240 - Cannot read IP mode file for STMicroelectronics.X-CUBE-ISPU.2.1.0
2025-03-27 22:56:21,999 [WARN] PackLoader:240 - Cannot read IP mode file for STMicroelectronics.X-CUBE-IPS.3.1.0
2025-03-27 22:56:22,092 [WARN] PackLoader:240 - Cannot read IP mode file for STMicroelectronics.X-CUBE-MEMS1.11.1.0
2025-03-27 22:56:22,322 [WARN] PackLoader:240 - Cannot read IP mode file for STMicroelectronics.X-CUBE-NFC4.3.0.0
2025-03-27 22:56:22,334 [WARN] PackLoader:240 - Cannot read IP mode file for STMicroelectronics.X-CUBE-NFC6.3.1.0
2025-03-27 22:56:22,342 [WARN] PackLoader:240 - Cannot read IP mode file for STMicroelectronics.X-CUBE-NFC7.1.0.1
2025-03-27 22:56:22,352 [WARN] PackLoader:240 - Cannot read IP mode file for STMicroelectronics.X-CUBE-NFC9.1.0.0
2025-03-27 22:56:22,363 [WARN] PackLoader:240 - Cannot read IP mode file for STMicroelectronics.X-CUBE-NFC10.1.0.0
2025-03-27 22:56:22,374 [WARN] PackLoader:240 - Cannot read IP mode file for STMicroelectronics.X-CUBE-SFXS2LP1.4.0.0
2025-03-27 22:56:22,383 [WARN] PackLoader:240 - Cannot read IP mode file for STMicroelectronics.X-CUBE-SAFEA1.1.2.2
2025-03-27 22:56:22,475 [WARN] PackLoader:240 - Cannot read IP mode file for STMicroelectronics.X-CUBE-SUBG2.5.0.0
2025-03-27 22:56:22,487 [WARN] PackLoader:240 - Cannot read IP mode file for STMicroelectronics.X-CUBE-SMBUS.2.1.0
2025-03-27 22:56:22,494 [WARN] PackLoader:240 - Cannot read IP mode file for STMicroelectronics.X-CUBE-TCPP.4.2.0
2025-03-27 22:56:22,508 [WARN] PackLoader:240 - Cannot read IP mode file for STMicroelectronics.X-CUBE-TOF1.3.4.2
2025-03-27 22:56:22,527 [WARN] PackLoader:240 - Cannot read IP mode file for STMicroelectronics.X-CUBE-TOUCHGFX.4.25.0
2025-03-27 22:56:22,577 [WARN] PackLoader:240 - Cannot read IP mode file for STMicroelectronics.X-CUBE-ALGOBUILD.1.4.0
2025-03-27 22:56:22,600 [WARN] PackLoader:240 - Cannot read IP mode file for STMicroelectronics.X-CUBE-AZRTOS-H7.3.3.0
2025-03-27 22:56:22,627 [WARN] PackLoader:240 - Cannot read IP mode file for STMicroelectronics.X-CUBE-AZRTOS-H7RS.1.1.0
2025-03-27 22:56:22,647 [WARN] PackLoader:240 - Cannot read IP mode file for STMicroelectronics.X-CUBE-AZRTOS-F4.1.1.0
2025-03-27 22:56:22,666 [WARN] PackLoader:240 - Cannot read IP mode file for STMicroelectronics.X-CUBE-AZRTOS-F7.1.1.0
2025-03-27 22:56:22,689 [WARN] ConditionMgr:438 - getConditionDescription Invalid condition id : LAN8742 Phy interface Condition cause : null
2025-03-27 22:56:22,690 [WARN] PackLoader:240 - Cannot read IP mode file for STMicroelectronics.X-CUBE-AZRTOS-L4.2.0.0
2025-03-27 22:56:22,692 [WARN] ConditionMgr:1044 - genDependencies : Invalid condition id : LAN8742 Phy interface Condition cause : null
2025-03-27 22:56:22,692 [WARN] ConditionMgr:1044 - genDependencies : Invalid condition id : LAN8742 Phy interface Condition cause : null
2025-03-27 22:56:22,692 [WARN] ConditionMgr:1044 - genDependencies : Invalid condition id : LAN8742 Phy interface Condition cause : null
2025-03-27 22:56:22,713 [WARN] PackLoader:240 - Cannot read IP mode file for STMicroelectronics.X-CUBE-AZRTOS-L5.2.0.0
2025-03-27 22:56:22,731 [WARN] PackLoader:240 - Cannot read IP mode file for STMicroelectronics.X-CUBE-AZRTOS-G0.1.1.0
2025-03-27 22:56:22,751 [WARN] PackLoader:240 - Cannot read IP mode file for STMicroelectronics.X-CUBE-AZRTOS-G4.2.0.0
2025-03-27 22:56:22,765 [WARN] ConditionMgr:438 - getConditionDescription Invalid condition id : UX DEVICE CLASS RTOS Condition cause : null
2025-03-27 22:56:22,766 [WARN] ConditionMgr:438 - getConditionDescription Invalid condition id : UX DEVICE CLASS RTOS Condition cause : null
2025-03-27 22:56:22,767 [WARN] PackLoader:240 - Cannot read IP mode file for STMicroelectronics.X-CUBE-AZRTOS-WB.2.0.0
2025-03-27 22:56:22,769 [WARN] ConditionMgr:1044 - genDependencies : Invalid condition id : UX DEVICE CLASS RTOS Condition cause : null
2025-03-27 22:56:22,769 [WARN] ConditionMgr:1044 - genDependencies : Invalid condition id : UX DEVICE CLASS RTOS Condition cause : null
2025-03-27 22:56:22,769 [WARN] ConditionMgr:1044 - genDependencies : Invalid condition id : UX DEVICE CLASS RTOS Condition cause : null
2025-03-27 22:56:22,770 [WARN] ConditionMgr:1044 - genDependencies : Invalid condition id : UX DEVICE CLASS RTOS Condition cause : null
2025-03-27 22:56:22,770 [WARN] ConditionMgr:1044 - genDependencies : Invalid condition id : UX DEVICE CLASS RTOS Condition cause : null
2025-03-27 22:56:22,781 [INFO] LogOutputStream:77 - [STDOUT_REDIRECT] 1 : Invalid condition id : UX_CORESTACK_Condition cause : null
2025-03-27 22:56:22,781 [INFO] LogOutputStream:77 - [STDOUT_REDIRECT] 1 : Invalid condition id : UX_CORESTACK_Condition cause : null
2025-03-27 22:56:22,783 [INFO] LogOutputStream:77 - [STDOUT_REDIRECT] 1 : Invalid condition id : UX_CORESTACK_Condition cause : null
2025-03-27 22:56:22,784 [INFO] LogOutputStream:77 - [STDOUT_REDIRECT] 1 : Invalid condition id : UX_CORESTACK_Condition cause : null
2025-03-27 22:56:22,786 [INFO] LogOutputStream:77 - [STDOUT_REDIRECT] 1 : Invalid condition id : UX_CORESTACK_Condition cause : null
2025-03-27 22:56:22,790 [WARN] PackLoader:240 - Cannot read IP mode file for STMicroelectronics.X-CUBE-AZRTOS-WL.2.0.0
2025-03-27 22:56:22,796 [WARN] PackLoader:240 - Cannot read IP mode file for STMicroelectronics.X-CUBE-WB05N.1.1.0
2025-03-27 22:56:22,804 [WARN] PackLoader:240 - Cannot read IP mode file for wolfSSL.I-CUBE-wolfSSL.5.7.6
2025-03-27 22:56:22,807 [WARN] PackLoader:240 - Cannot read IP mode file for wolfSSL.I-CUBE-wolfMQTT.1.19.2
2025-03-27 22:56:22,813 [WARN] PackLoader:240 - Cannot read IP mode file for wolfSSL.I-CUBE-wolfTPM.3.8.0
2025-03-27 22:56:22,819 [WARN] PackLoader:240 - Cannot read IP mode file for wolfSSL.I-CUBE-wolfSSH.1.4.20
2025-03-27 22:56:22,827 [WARN] PackLoader:240 - Cannot read IP mode file for RealThread.X-CUBE-RT-Thread_Nano.4.1.1
2025-03-27 22:56:22,857 [WARN] PackLoader:240 - Cannot read IP mode file for SEGGER.I-CUBE-embOS.1.3.1
2025-03-27 22:56:22,907 [WARN] PackLoader:240 - Cannot read IP mode file for portGmbH.I-Cube-SoM-uGOAL.1.1.0
2025-03-27 22:56:22,914 [WARN] PackLoader:240 - Cannot read IP mode file for emotas.I-CUBE-CANOPEN.1.3.0
2025-03-27 22:56:22,922 [WARN] PackLoader:240 - Cannot read IP mode file for WES.I-CUBE-Cesium.1.3.0
2025-03-27 22:56:22,930 [WARN] PackLoader:240 - Cannot read IP mode file for ITTIA_DB.I-CUBE-ITTIADB.8.9.0
2025-03-27 22:56:22,951 [WARN] PackLoader:240 - Cannot read IP mode file for Infineon.AIROC-Wi-Fi-Bluetooth-STM32.1.7.0
2025-03-27 22:56:22,960 [WARN] PackLoader:240 - Cannot read IP mode file for Cesanta.I-CUBE-Mongoose.7.13.0
2025-03-27 22:56:22,971 [WARN] PackLoader:240 - Cannot read IP mode file for EmbeddedOffice.I-CUBE-FS-RTOS.1.0.1
2025-03-27 22:56:22,977 [WARN] ConditionMgr:438 - getConditionDescription Invalid condition id : Cortex-A Device cause : null
2025-03-27 22:56:23,017 [WARN] ConditionMgr:1044 - genDependencies : Invalid condition id : Cortex-A Device cause : null
2025-03-27 22:56:23,017 [WARN] ConditionMgr:1044 - genDependencies : Invalid condition id : Cortex-A Device cause : null
2025-03-27 22:56:23,017 [WARN] ConditionMgr:1044 - genDependencies : Invalid condition id : Cortex-A Device cause : null
2025-03-27 22:56:23,017 [INFO] PopulateThirdPartyThread:66 - Ending populate Thread
2025-03-27 22:56:23,021 [INFO] ThirdParty:1030 - CMSIS Pack Vendor :STMicroelectronics X-CUBE-AZRTOS-H7 3.3.0
2025-03-27 22:56:23,021 [INFO] ThirdParty:1030 - CMSIS Pack Vendor :STMicroelectronics X-CUBE-NFC9 1.0.0
2025-03-27 22:56:23,021 [INFO] ThirdParty:1030 - CMSIS Pack Vendor :STMicroelectronics FP-SNS-MOTENVWB1 1.4.0
2025-03-27 22:56:23,021 [INFO] ThirdParty:1030 - CMSIS Pack Vendor :STMicroelectronics X-CUBE-AZRTOS-F4 1.1.0
2025-03-27 22:56:23,022 [INFO] ThirdParty:1030 - CMSIS Pack Vendor :STMicroelectronics FP-ATR-ASTRA1 2.0.2
2025-03-27 22:56:23,022 [INFO] ThirdParty:1030 - CMSIS Pack Vendor :STMicroelectronics X-CUBE-BLE1 7.1.0
2025-03-27 22:56:23,022 [INFO] ThirdParty:1030 - CMSIS Pack Vendor :STMicroelectronics X-CUBE-SMBUS 2.1.0
2025-03-27 22:56:23,022 [INFO] ThirdParty:1030 - CMSIS Pack Vendor :STMicroelectronics X-CUBE-WB05N 1.1.0
2025-03-27 22:56:23,022 [INFO] ThirdParty:1030 - CMSIS Pack Vendor :wolfSSL I-CUBE-wolfMQTT 1.19.2
2025-03-27 22:56:23,022 [INFO] ThirdParty:1030 - CMSIS Pack Vendor :STMicroelectronics X-CUBE-ISPU 2.1.0
2025-03-27 22:56:23,022 [INFO] ThirdParty:1030 - CMSIS Pack Vendor :STMicroelectronics X-CUBE-AZRTOS-WB 2.0.0
2025-03-27 22:56:23,022 [INFO] ThirdParty:1030 - CMSIS Pack Vendor :STMicroelectronics X-CUBE-GNSS1 7.0.1
2025-03-27 22:56:23,022 [INFO] ThirdParty:1030 - CMSIS Pack Vendor :STMicroelectronics X-CUBE-TOUCHGFX 4.25.0
2025-03-27 22:56:23,022 [INFO] ThirdParty:1030 - CMSIS Pack Vendor :STMicroelectronics X-CUBE-AZRTOS-F7 1.1.0
2025-03-27 22:56:23,022 [INFO] ThirdParty:1030 - CMSIS Pack Vendor :STMicroelectronics X-CUBE-AZRTOS-L5 2.0.0
2025-03-27 22:56:23,022 [INFO] ThirdParty:1030 - CMSIS Pack Vendor :STMicroelectronics X-CUBE-NFC6 3.1.0
2025-03-27 22:56:23,022 [INFO] ThirdParty:1030 - CMSIS Pack Vendor :STMicroelectronics FP-SNS-STBOX1 2.0.0
2025-03-27 22:56:23,022 [INFO] ThirdParty:1030 - CMSIS Pack Vendor :STMicroelectronics X-CUBE-AZRTOS-G0 1.1.0
2025-03-27 22:56:23,023 [INFO] ThirdParty:1030 - CMSIS Pack Vendor :STMicroelectronics X-CUBE-NFC4 3.0.0
2025-03-27 22:56:23,023 [INFO] ThirdParty:1030 - CMSIS Pack Vendor :STMicroelectronics X-CUBE-SAFEA1 1.2.2
2025-03-27 22:56:23,023 [INFO] ThirdParty:1030 - CMSIS Pack Vendor :STMicroelectronics X-CUBE-SUBG2 5.0.0
2025-03-27 22:56:23,023 [INFO] ThirdParty:1030 - CMSIS Pack Vendor :STMicroelectronics X-CUBE-AZRTOS-H7RS 1.1.0
2025-03-27 22:56:23,023 [INFO] ThirdParty:1030 - CMSIS Pack Vendor :EmbeddedOffice I-CUBE-FS-RTOS 1.0.1
2025-03-27 22:56:23,023 [INFO] ThirdParty:1030 - CMSIS Pack Vendor :Cesanta I-CUBE-Mongoose 7.13.0
2025-03-27 22:56:23,023 [INFO] ThirdParty:1030 - CMSIS Pack Vendor :Infineon AIROC-Wi-Fi-Bluetooth-STM32 1.7.0
2025-03-27 22:56:23,023 [INFO] ThirdParty:1030 - CMSIS Pack Vendor :STMicroelectronics X-CUBE-AZRTOS-G4 2.0.0
2025-03-27 22:56:23,023 [INFO] ThirdParty:1030 - CMSIS Pack Vendor :wolfSSL I-CUBE-wolfTPM 3.8.0
2025-03-27 22:56:23,023 [INFO] ThirdParty:1030 - CMSIS Pack Vendor :STMicroelectronics X-CUBE-DISPLAY 3.0.0
2025-03-27 22:56:23,023 [INFO] ThirdParty:1030 - CMSIS Pack Vendor :wolfSSL I-CUBE-wolfSSH 1.4.20
2025-03-27 22:56:23,023 [INFO] ThirdParty:1030 - CMSIS Pack Vendor :STMicroelectronics X-CUBE-TCPP 4.2.0
2025-03-27 22:56:23,023 [INFO] ThirdParty:1030 - CMSIS Pack Vendor :RealThread X-CUBE-RT-Thread_Nano 4.1.1
2025-03-27 22:56:23,023 [INFO] ThirdParty:1030 - CMSIS Pack Vendor :STMicroelectronics FP-ATR-SIGFOX1 3.2.0
2025-03-27 22:56:23,023 [INFO] ThirdParty:1030 - CMSIS Pack Vendor :STMicroelectronics X-CUBE-NFC10 1.0.0
2025-03-27 22:56:23,023 [INFO] ThirdParty:1030 - CMSIS Pack Vendor :STMicroelectronics X-CUBE-BLEMGR 4.0.0
2025-03-27 22:56:23,023 [INFO] ThirdParty:1030 - CMSIS Pack Vendor :STMicroelectronics X-CUBE-EEPRMA1 5.1.0
2025-03-27 22:56:23,023 [INFO] ThirdParty:1030 - CMSIS Pack Vendor :STMicroelectronics X-CUBE-ALS 1.0.2
2025-03-27 22:56:23,024 [INFO] ThirdParty:1030 - CMSIS Pack Vendor :STMicroelectronics X-CUBE-IPS 3.1.0
2025-03-27 22:56:23,024 [INFO] ThirdParty:1030 - CMSIS Pack Vendor :STMicroelectronics X-CUBE-FREERTOS 1.3.0
2025-03-27 22:56:23,024 [INFO] ThirdParty:1030 - CMSIS Pack Vendor :emotas I-CUBE-CANOPEN 1.3.0
2025-03-27 22:56:23,024 [INFO] ThirdParty:1030 - CMSIS Pack Vendor :STMicroelectronics X-CUBE-NFC7 1.0.1
2025-03-27 22:56:23,024 [INFO] ThirdParty:1030 - CMSIS Pack Vendor :wolfSSL I-CUBE-wolfSSL 5.7.6
2025-03-27 22:56:23,024 [INFO] ThirdParty:1030 - CMSIS Pack Vendor :ITTIA_DB I-CUBE-ITTIADB 8.9.0
2025-03-27 22:56:23,024 [INFO] ThirdParty:1030 - CMSIS Pack Vendor :portGmbH I-Cube-SoM-uGOAL 1.1.0
2025-03-27 22:56:23,024 [INFO] ThirdParty:1030 - CMSIS Pack Vendor :STMicroelectronics X-CUBE-AI 10.0.0
2025-03-27 22:56:23,024 [INFO] ThirdParty:1030 - CMSIS Pack Vendor :quantropi X-CUBE-qispace-sdk-base 2.0.0
2025-03-27 22:56:23,024 [INFO] ThirdParty:1030 - CMSIS Pack Vendor :STMicroelectronics FP-SNS-SMARTAG2 1.2.0
2025-03-27 22:56:23,024 [INFO] ThirdParty:1030 - CMSIS Pack Vendor :STMicroelectronics FP-SNS-FLIGHT1 5.1.0
2025-03-27 22:56:23,024 [INFO] ThirdParty:1030 - CMSIS Pack Vendor :STMicroelectronics X-CUBE-MEMS1 11.1.0
2025-03-27 22:56:23,024 [INFO] ThirdParty:1030 - CMSIS Pack Vendor :STMicroelectronics X-CUBE-AZRTOS-WL 2.0.0
2025-03-27 22:56:23,024 [INFO] ThirdParty:1030 - CMSIS Pack Vendor :SEGGER I-CUBE-embOS 1.3.1
2025-03-27 22:56:23,025 [INFO] ThirdParty:1030 - CMSIS Pack Vendor :STMicroelectronics X-CUBE-DPower 1.3.0
2025-03-27 22:56:23,025 [INFO] ThirdParty:1030 - CMSIS Pack Vendor :STMicroelectronics X-CUBE-ALGOBUILD 1.4.0
2025-03-27 22:56:23,025 [INFO] ThirdParty:1030 - CMSIS Pack Vendor :STMicroelectronics FP-SNS-MOTENV1 5.0.0
2025-03-27 22:56:23,025 [INFO] ThirdParty:1030 - CMSIS Pack Vendor :STMicroelectronics X-CUBE-AZRTOS-L4 2.0.0
2025-03-27 22:56:23,025 [INFO] ThirdParty:1030 - CMSIS Pack Vendor :WES I-CUBE-Cesium 1.3.0
2025-03-27 22:56:23,025 [INFO] ThirdParty:1030 - CMSIS Pack Vendor :STMicroelectronics X-CUBE-SFXS2LP1 4.0.0
2025-03-27 22:56:23,025 [INFO] ThirdParty:1030 - CMSIS Pack Vendor :STMicroelectronics X-CUBE-BLE2 3.3.0
2025-03-27 22:56:23,025 [INFO] ThirdParty:1030 - CMSIS Pack Vendor :STMicroelectronics X-CUBE-TOF1 3.4.2
2025-03-27 22:56:23,027 [INFO] LoadServerUpdatesThread:375 - End of LoadServerUpdate Thread
2025-03-27 23:01:10,730 [ERROR] LogOutputStream:75 - [STDERR_REDIRECT] 
2025-03-27 23:01:10,732 [ERROR] LogOutputStream:75 - [STDERR_REDIRECT] 
