2025-03-27 23:06:51,006 [INFO] Activator:176 - 


2025-03-27 23:06:51,010 [INFO] Activator:177 - !SESSION log4j initialized
2025-03-27 23:06:54,494 [INFO] LogOutputStream:77 - [STDOUT_REDIRECT] 
2025-03-27 23:07:02,155 [INFO] ApplicationProperties:184 - Using Application install path: E:\ST\STM32CubeIDE_1.18.0\STM32CubeIDE\plugins\com.st.stm32cube.common.mx_6.14.0.202502271554
2025-03-27 23:07:02,175 [INFO] DbMcusXml:78 - Set database path to: E:\ST\STM32CubeIDE_1.18.0\STM32CubeIDE\plugins\com.st.stm32cube.common.mx_6.14.0.202502271554\\db\/mcu/
2025-03-27 23:07:02,175 [INFO] ApiDb:274 - Set plugin database path to: E:\ST\STM32CubeIDE_1.18.0\STM32CubeIDE\plugins\com.st.stm32cube.common.mx_6.14.0.202502271554\\db\/plugins/boardmanager/
2025-03-27 23:07:02,176 [WARN] ApiDb:259 - Overriding images path with different value:  => E:\ST\STM32CubeIDE_1.18.0\STM32CubeIDE\plugins\com.st.stm32cube.common.mx_6.14.0.202502271554\\db\/plugins/mcufinder/images/
2025-03-27 23:07:02,184 [INFO] ApiDb:250 - Set database path to: C:\Users\aldai\.stmcufinder\plugins\mcufinder//mcu/
2025-03-27 23:07:02,186 [INFO] DbMcusAds:125 - Set database path to: C:\Users\aldai\.stmcufinder\plugins\mcufinder//mcu/
2025-03-27 23:07:02,188 [INFO] CrossReferenceDbSqlite:203 - Set database path to: C:\Users\aldai\.stmcufinder\plugins\mcufinder//mcu/cs/
2025-03-27 23:07:02,342 [INFO] RulesReader:64 - Compatibility file has been processed (301 Rules)
2025-03-27 23:07:02,453 [INFO] DbMcusXml:78 - Set database path to: E:\ST\STM32CubeIDE_1.18.0\STM32CubeIDE\plugins\com.st.stm32cube.common.mx_6.14.0.202502271554\\db\/mcu/
2025-03-27 23:07:02,454 [INFO] ApiDb:274 - Set plugin database path to: E:\ST\STM32CubeIDE_1.18.0\STM32CubeIDE\plugins\com.st.stm32cube.common.mx_6.14.0.202502271554\\db\/plugins/boardmanager/
2025-03-27 23:07:02,454 [INFO] ApiDb:261 - Set plugin images path to: E:\ST\STM32CubeIDE_1.18.0\STM32CubeIDE\plugins\com.st.stm32cube.common.mx_6.14.0.202502271554\\db\/plugins/mcufinder/images/
2025-03-27 23:07:02,454 [WARN] DbFile:41 - Overriding database path with different value: C:\Users\aldai\.stmcufinder\plugins\mcufinder/ => C:\Users\aldai\.stmcufinder\plugins\mcufinder
2025-03-27 23:07:02,454 [INFO] ApiDb:250 - Set database path to: C:\Users\aldai\.stmcufinder\plugins\mcufinder//mcu/
2025-03-27 23:07:02,454 [WARN] DbFile:41 - Overriding database path with different value: C:\Users\aldai\.stmcufinder\plugins\mcufinder/ => C:\Users\aldai\.stmcufinder\plugins\mcufinder
2025-03-27 23:07:02,454 [INFO] DbMcusAds:125 - Set database path to: C:\Users\aldai\.stmcufinder\plugins\mcufinder//mcu/
2025-03-27 23:07:02,455 [WARN] DbFile:41 - Overriding database path with different value: C:\Users\aldai\.stmcufinder\plugins\mcufinder/ => C:\Users\aldai\.stmcufinder\plugins\mcufinder
2025-03-27 23:07:02,455 [WARN] DbFile:41 - Overriding database path with different value: C:\Users\aldai\.stmcufinder\plugins\mcufinder/ => C:\Users\aldai\.stmcufinder\plugins\mcufinder
2025-03-27 23:07:02,455 [INFO] CrossReferenceDbSqlite:203 - Set database path to: C:\Users\aldai\.stmcufinder\plugins\mcufinder//mcu/cs/
2025-03-27 23:07:02,550 [INFO] MainPanel:272 - HeapMemory: 268435456
2025-03-27 23:07:02,670 [INFO] DbMcusXml:78 - Set database path to: E:\ST\STM32CubeIDE_1.18.0\STM32CubeIDE\plugins\com.st.stm32cube.common.mx_6.14.0.202502271554\\db\/mcu/
2025-03-27 23:07:02,670 [INFO] ApiDb:274 - Set plugin database path to: E:\ST\STM32CubeIDE_1.18.0\STM32CubeIDE\plugins\com.st.stm32cube.common.mx_6.14.0.202502271554\\db\/plugins/boardmanager/
2025-03-27 23:07:02,670 [INFO] ApiDb:261 - Set plugin images path to: E:\ST\STM32CubeIDE_1.18.0\STM32CubeIDE\plugins\com.st.stm32cube.common.mx_6.14.0.202502271554\\db\/plugins/mcufinder/images/
2025-03-27 23:07:02,671 [WARN] DbFile:41 - Overriding database path with different value: C:\Users\aldai\.stmcufinder\plugins\mcufinder/ => C:\Users\aldai\.stmcufinder\plugins\mcufinder
2025-03-27 23:07:02,671 [INFO] ApiDb:250 - Set database path to: C:\Users\aldai\.stmcufinder\plugins\mcufinder//mcu/
2025-03-27 23:07:02,671 [WARN] DbFile:41 - Overriding database path with different value: C:\Users\aldai\.stmcufinder\plugins\mcufinder/ => C:\Users\aldai\.stmcufinder\plugins\mcufinder
2025-03-27 23:07:02,671 [INFO] DbMcusAds:125 - Set database path to: C:\Users\aldai\.stmcufinder\plugins\mcufinder//mcu/
2025-03-27 23:07:02,671 [WARN] DbFile:41 - Overriding database path with different value: C:\Users\aldai\.stmcufinder\plugins\mcufinder/ => C:\Users\aldai\.stmcufinder\plugins\mcufinder
2025-03-27 23:07:02,671 [WARN] DbFile:41 - Overriding database path with different value: C:\Users\aldai\.stmcufinder\plugins\mcufinder/ => C:\Users\aldai\.stmcufinder\plugins\mcufinder
2025-03-27 23:07:02,671 [INFO] CrossReferenceDbSqlite:203 - Set database path to: C:\Users\aldai\.stmcufinder\plugins\mcufinder//mcu/cs/
2025-03-27 23:07:02,695 [INFO] ApplicationProperties:184 - Using Application install path: E:\ST\STM32CubeIDE_1.18.0\STM32CubeIDE\plugins\com.st.stm32cube.common.mx_6.14.0.202502271554
2025-03-27 23:07:02,697 [INFO] PluginManage:196 - Search for loadable plugins [exclusion list=, ]
2025-03-27 23:07:02,699 [INFO] PluginManage:310 - Check plugin analytics
2025-03-27 23:07:07,854 [INFO] AnalyticsPlugin:253 - Accepted Software Licenses: 
2025-03-27 23:07:07,855 [INFO] AnalyticsPlugin:255 - Accepted CMSIS Pack Licenses: 
2025-03-27 23:07:07,855 [INFO] AnalyticsPlugin:257 - Accepted Firmware Licenses: 
2025-03-27 23:07:07,858 [INFO] PluginManage:359 - Loaded plugin analytics (category:tool,tabindex:-1)
2025-03-27 23:07:07,859 [INFO] PluginManage:310 - Check plugin cadmodel
2025-03-27 23:07:07,864 [INFO] CADModel:105 - Init CAD model plugin
2025-03-27 23:07:07,864 [INFO] PluginManage:359 - Loaded plugin cadmodel (category:power,tabindex:5)
2025-03-27 23:07:07,865 [INFO] PluginManage:310 - Check plugin clock
2025-03-27 23:07:07,875 [INFO] PluginManage:359 - Loaded plugin clock (category:base,tabindex:2)
2025-03-27 23:07:07,876 [INFO] PluginManage:310 - Check plugin ddr
2025-03-27 23:07:07,880 [INFO] PluginManage:359 - Loaded plugin ddr (category:tool,tabindex:6)
2025-03-27 23:07:07,880 [INFO] PluginManage:310 - Check plugin filemanager
2025-03-27 23:07:08,147 [INFO] PluginManage:359 - Loaded plugin filemanager (category:base,tabindex:10)
2025-03-27 23:07:08,148 [INFO] PluginManage:310 - Check plugin ipmanager
2025-03-27 23:07:08,157 [INFO] PluginManage:359 - Loaded plugin ipmanager (category:base,tabindex:5)
2025-03-27 23:07:08,158 [INFO] PluginManage:310 - Check plugin lpbam
2025-03-27 23:07:08,167 [INFO] PluginManage:359 - Loaded plugin lpbam (category:base,tabindex:0)
2025-03-27 23:07:08,167 [INFO] PluginManage:310 - Check plugin memorymap
2025-03-27 23:07:08,179 [INFO] PluginManage:359 - Loaded plugin memorymap (category:base,tabindex:4)
2025-03-27 23:07:08,179 [INFO] PluginManage:310 - Check plugin pinoutandconfiguration
2025-03-27 23:07:08,187 [INFO] PluginManage:359 - Loaded plugin pinoutandconfiguration (category:base,tabindex:1)
2025-03-27 23:07:08,187 [INFO] PluginManage:310 - Check plugin pinoutconfig
2025-03-27 23:07:08,287 [WARN] SupportedApi:132 - Cannot load RTOS API schema: s4s-elt-must-match.1: The content of 'definitions' must match (annotation?, (simpleType | complexType)?, (unique | key | keyref)*)). A problem was found starting at: attribute.
2025-03-27 23:07:08,460 [INFO] PluginManage:359 - Loaded plugin pinoutconfig (category:base,tabindex:0)
2025-03-27 23:07:08,460 [INFO] PluginManage:310 - Check plugin power
2025-03-27 23:07:08,471 [INFO] PluginManage:359 - Loaded plugin power (category:power,tabindex:4)
2025-03-27 23:07:08,472 [INFO] PluginManage:310 - Check plugin projectmanager
2025-03-27 23:07:08,494 [INFO] PluginManage:359 - Loaded plugin projectmanager (category:projectmanager,tabindex:4)
2025-03-27 23:07:08,494 [INFO] PluginManage:310 - Check plugin rif
2025-03-27 23:07:08,506 [INFO] PluginManage:359 - Loaded plugin rif (category:base,tabindex:3)
2025-03-27 23:07:08,506 [INFO] PluginManage:310 - Check plugin thirdparty
2025-03-27 23:07:08,665 [INFO] PluginManage:359 - Loaded plugin thirdparty (category:base,tabindex:-1)
2025-03-27 23:07:08,665 [INFO] PluginManage:310 - Check plugin tools
2025-03-27 23:07:08,665 [WARN] IntegrityCheckThread:84 - waiting for thirdparty lock release [integrity check]
2025-03-27 23:07:08,666 [INFO] IntegrityCheckThread:86 - entering critical section [integrity check]
2025-03-27 23:07:08,666 [INFO] ThirdPartyUpdaterWithRetryManager:70 - Updater plugin not ready yet. [1/15]
2025-03-27 23:07:08,669 [INFO] PluginManage:359 - Loaded plugin tools (category:base,tabindex:7)
2025-03-27 23:07:08,669 [INFO] PluginManage:310 - Check plugin tutovideos
2025-03-27 23:07:08,859 [INFO] PluginManage:359 - Loaded plugin tutovideos (category:base,tabindex:-1)
2025-03-27 23:07:08,859 [INFO] PluginManage:310 - Check plugin updater
2025-03-27 23:07:08,887 [INFO] PluginManage:359 - Loaded plugin updater (category:base,tabindex:12)
2025-03-27 23:07:08,888 [INFO] PluginManage:310 - Check plugin userauth
2025-03-27 23:07:08,892 [INFO] UserAuth:118 - Init User Auth plugin
2025-03-27 23:07:08,893 [INFO] PluginManage:359 - Loaded plugin userauth (category:base,tabindex:14)
2025-03-27 23:07:08,894 [INFO] PluginManage:283 - PluginManage : Loaded plugins [18]
2025-03-27 23:07:09,181 [INFO] PinOutPanel:1589 - setPackage(No Configuration,No Configuration)
2025-03-27 23:07:09,299 [INFO] CADModel:165 - CPN selected for project level
2025-03-27 23:07:09,299 [INFO] CADModel:114 - Register for checkConnection events
2025-03-27 23:07:09,317 [INFO] IPUIPlugin:80 - create IPUIPlugin
2025-03-27 23:07:09,317 [INFO] PluginManager:220 - loadIPPluginJar : add adc
2025-03-27 23:07:09,321 [INFO] IPUIPlugin:80 - create IPUIPlugin
2025-03-27 23:07:09,321 [INFO] PluginManager:220 - loadIPPluginJar : add aes
2025-03-27 23:07:09,324 [INFO] IPUIPlugin:80 - create IPUIPlugin
2025-03-27 23:07:09,325 [INFO] PluginManager:220 - loadIPPluginJar : add can
2025-03-27 23:07:09,327 [INFO] IPUIPlugin:80 - create IPUIPlugin
2025-03-27 23:07:09,327 [INFO] PluginManager:220 - loadIPPluginJar : add comp
2025-03-27 23:07:09,330 [INFO] IPUIPlugin:80 - create IPUIPlugin
2025-03-27 23:07:09,330 [INFO] PluginManager:220 - loadIPPluginJar : add cryp
2025-03-27 23:07:09,333 [INFO] IPUIPlugin:80 - create IPUIPlugin
2025-03-27 23:07:09,334 [INFO] PluginManager:220 - loadIPPluginJar : add ddr_ctrl_phy
2025-03-27 23:07:09,337 [INFO] IPUIPlugin:80 - create IPUIPlugin
2025-03-27 23:07:09,337 [INFO] PluginManager:220 - loadIPPluginJar : add dfsdm
2025-03-27 23:07:09,343 [INFO] IPUIPlugin:80 - create IPUIPlugin
2025-03-27 23:07:09,344 [INFO] PluginManager:220 - loadIPPluginJar : add dma
2025-03-27 23:07:09,347 [INFO] IPUIPlugin:80 - create IPUIPlugin
2025-03-27 23:07:09,347 [INFO] PluginManager:220 - loadIPPluginJar : add dma3
2025-03-27 23:07:09,350 [INFO] IPUIPlugin:80 - create IPUIPlugin
2025-03-27 23:07:09,350 [INFO] PluginManager:220 - loadIPPluginJar : add extmemmanager
2025-03-27 23:07:09,352 [INFO] IPUIPlugin:80 - create IPUIPlugin
2025-03-27 23:07:09,352 [INFO] PluginManager:220 - loadIPPluginJar : add fatfs
2025-03-27 23:07:09,357 [INFO] IPUIPlugin:80 - create IPUIPlugin
2025-03-27 23:07:09,357 [INFO] PluginManager:220 - loadIPPluginJar : add fmc
2025-03-27 23:07:09,362 [INFO] IPUIPlugin:80 - create IPUIPlugin
2025-03-27 23:07:09,362 [INFO] PluginManager:220 - loadIPPluginJar : add freertos
2025-03-27 23:07:09,364 [INFO] IPUIPlugin:80 - create IPUIPlugin
2025-03-27 23:07:09,364 [INFO] PluginManager:220 - loadIPPluginJar : add genericplugin
2025-03-27 23:07:09,367 [INFO] IPUIPlugin:80 - create IPUIPlugin
2025-03-27 23:07:09,367 [INFO] PluginManager:220 - loadIPPluginJar : add gfxmmu
2025-03-27 23:07:09,372 [INFO] IPUIPlugin:80 - create IPUIPlugin
2025-03-27 23:07:09,373 [INFO] PluginManager:220 - loadIPPluginJar : add gic
2025-03-27 23:07:09,378 [INFO] IPUIPlugin:80 - create IPUIPlugin
2025-03-27 23:07:09,378 [INFO] PluginManager:220 - loadIPPluginJar : add gpio
2025-03-27 23:07:09,381 [INFO] IPUIPlugin:80 - create IPUIPlugin
2025-03-27 23:07:09,381 [INFO] PluginManager:220 - loadIPPluginJar : add gtzc
2025-03-27 23:07:09,384 [INFO] IPUIPlugin:80 - create IPUIPlugin
2025-03-27 23:07:09,384 [INFO] PluginManager:220 - loadIPPluginJar : add hash
2025-03-27 23:07:09,387 [INFO] IPUIPlugin:80 - create IPUIPlugin
2025-03-27 23:07:09,387 [INFO] PluginManager:220 - loadIPPluginJar : add i2c
2025-03-27 23:07:09,389 [INFO] IPUIPlugin:80 - create IPUIPlugin
2025-03-27 23:07:09,389 [INFO] PluginManager:220 - loadIPPluginJar : add i2s
2025-03-27 23:07:09,393 [INFO] IPUIPlugin:80 - create IPUIPlugin
2025-03-27 23:07:09,393 [INFO] PluginManager:220 - loadIPPluginJar : add i3c
2025-03-27 23:07:09,396 [INFO] IPUIPlugin:80 - create IPUIPlugin
2025-03-27 23:07:09,396 [INFO] PluginManager:220 - loadIPPluginJar : add ipddr
2025-03-27 23:07:09,403 [INFO] IPUIPlugin:80 - create IPUIPlugin
2025-03-27 23:07:09,403 [INFO] PluginManager:220 - loadIPPluginJar : add linkedlist
2025-03-27 23:07:09,406 [INFO] IPUIPlugin:80 - create IPUIPlugin
2025-03-27 23:07:09,406 [INFO] PluginManager:220 - loadIPPluginJar : add lorawan
2025-03-27 23:07:09,407 [INFO] IPUIPlugin:80 - create IPUIPlugin
2025-03-27 23:07:09,408 [INFO] PluginManager:220 - loadIPPluginJar : add ltdc
2025-03-27 23:07:09,413 [INFO] IPUIPlugin:80 - create IPUIPlugin
2025-03-27 23:07:09,413 [INFO] PluginManager:220 - loadIPPluginJar : add mdma
2025-03-27 23:07:09,417 [INFO] IPUIPlugin:80 - create IPUIPlugin
2025-03-27 23:07:09,417 [INFO] PluginManager:220 - loadIPPluginJar : add nvic
2025-03-27 23:07:09,420 [INFO] IPUIPlugin:80 - create IPUIPlugin
2025-03-27 23:07:09,421 [INFO] PluginManager:220 - loadIPPluginJar : add opamp
2025-03-27 23:07:09,424 [INFO] IPUIPlugin:80 - create IPUIPlugin
2025-03-27 23:07:09,425 [INFO] PluginManager:220 - loadIPPluginJar : add openamp
2025-03-27 23:07:09,428 [INFO] IPUIPlugin:80 - create IPUIPlugin
2025-03-27 23:07:09,428 [INFO] PluginManager:220 - loadIPPluginJar : add pdm2pcm
2025-03-27 23:07:09,434 [INFO] IPUIPlugin:80 - create IPUIPlugin
2025-03-27 23:07:09,437 [INFO] PluginManager:220 - loadIPPluginJar : add plateformsettings
2025-03-27 23:07:09,439 [INFO] IPUIPlugin:80 - create IPUIPlugin
2025-03-27 23:07:09,440 [INFO] PluginManager:220 - loadIPPluginJar : add quadspi
2025-03-27 23:07:09,442 [INFO] IPUIPlugin:80 - create IPUIPlugin
2025-03-27 23:07:09,443 [INFO] PluginManager:220 - loadIPPluginJar : add radio
2025-03-27 23:07:09,446 [INFO] IPUIPlugin:80 - create IPUIPlugin
2025-03-27 23:07:09,446 [INFO] PluginManager:220 - loadIPPluginJar : add resmgrutility
2025-03-27 23:07:09,449 [INFO] IPUIPlugin:80 - create IPUIPlugin
2025-03-27 23:07:09,449 [INFO] PluginManager:220 - loadIPPluginJar : add sai
2025-03-27 23:07:09,452 [INFO] IPUIPlugin:80 - create IPUIPlugin
2025-03-27 23:07:09,452 [INFO] PluginManager:220 - loadIPPluginJar : add spi
2025-03-27 23:07:09,458 [INFO] IPUIPlugin:80 - create IPUIPlugin
2025-03-27 23:07:09,458 [INFO] PluginManager:220 - loadIPPluginJar : add stm32_wpan
2025-03-27 23:07:09,460 [INFO] IPUIPlugin:80 - create IPUIPlugin
2025-03-27 23:07:09,460 [INFO] PluginManager:220 - loadIPPluginJar : add tim
2025-03-27 23:07:09,465 [INFO] IPUIPlugin:80 - create IPUIPlugin
2025-03-27 23:07:09,465 [INFO] PluginManager:220 - loadIPPluginJar : add touchsensing
2025-03-27 23:07:09,468 [INFO] IPUIPlugin:80 - create IPUIPlugin
2025-03-27 23:07:09,469 [INFO] PluginManager:220 - loadIPPluginJar : add tracer_emb
2025-03-27 23:07:09,471 [INFO] IPUIPlugin:80 - create IPUIPlugin
2025-03-27 23:07:09,471 [INFO] PluginManager:220 - loadIPPluginJar : add ts
2025-03-27 23:07:09,473 [INFO] IPUIPlugin:80 - create IPUIPlugin
2025-03-27 23:07:09,473 [INFO] PluginManager:220 - loadIPPluginJar : add tsc
2025-03-27 23:07:09,476 [INFO] IPUIPlugin:80 - create IPUIPlugin
2025-03-27 23:07:09,476 [INFO] PluginManager:220 - loadIPPluginJar : add ucpd
2025-03-27 23:07:09,479 [INFO] IPUIPlugin:80 - create IPUIPlugin
2025-03-27 23:07:09,479 [INFO] PluginManager:220 - loadIPPluginJar : add usart
2025-03-27 23:07:09,482 [INFO] IPUIPlugin:80 - create IPUIPlugin
2025-03-27 23:07:09,482 [INFO] PluginManager:220 - loadIPPluginJar : add usbx
2025-03-27 23:07:09,635 [FATAL] Updater:351 - Updater called before beeing initialized
2025-03-27 23:07:09,667 [INFO] RulesReader:64 - Compatibility file has been processed (301 Rules)
2025-03-27 23:07:09,683 [INFO] RulesReader:64 - Compatibility file has been processed (301 Rules)
2025-03-27 23:07:09,696 [INFO] CADModel:165 - CPN selected for project level
2025-03-27 23:07:09,696 [INFO] CADModel:114 - Register for checkConnection events
2025-03-27 23:07:09,696 [FATAL] Updater:351 - Updater called before beeing initialized
2025-03-27 23:07:09,697 [ERROR] CADModel:125 - Updater not yet initialized, retry later 
2025-03-27 23:07:09,871 [FATAL] Updater:351 - Updater called before beeing initialized
2025-03-27 23:07:09,873 [INFO] CADModel:165 - CPN selected for project level
2025-03-27 23:07:09,873 [INFO] CADModel:114 - Register for checkConnection events
2025-03-27 23:07:09,873 [FATAL] Updater:351 - Updater called before beeing initialized
2025-03-27 23:07:09,873 [ERROR] CADModel:125 - Updater not yet initialized, retry later 
2025-03-27 23:07:09,878 [FATAL] Updater:351 - Updater called before beeing initialized
2025-03-27 23:07:10,049 [FATAL] Updater:351 - Updater called before beeing initialized
2025-03-27 23:07:10,057 [INFO] DbMcusAds:53 - JSON generation date=Thu Sep 30 00:55:09 CST 2021 (1632984909247)
2025-03-27 23:07:10,057 [FATAL] Updater:351 - Updater called before beeing initialized
2025-03-27 23:07:10,113 [WARN] DetailPanel:346 - Failed to get advertising image, set to default
2025-03-27 23:07:10,477 [FATAL] Updater:351 - Updater called before beeing initialized
2025-03-27 23:07:10,479 [FATAL] Updater:351 - Updater called before beeing initialized
2025-03-27 23:07:10,479 [FATAL] Updater:351 - Updater called before beeing initialized
2025-03-27 23:07:10,479 [WARN] DetailPanel:346 - Failed to get advertising image, set to default
2025-03-27 23:07:10,480 [FATAL] Updater:351 - Updater called before beeing initialized
2025-03-27 23:07:10,546 [ERROR] Updater:1198 - MainUpdater not yet initialized. External WinMGr cannot be set.
2025-03-27 23:07:10,548 [INFO] Updater:1134 - Updater Version found : 6.14.0
2025-03-27 23:07:10,567 [INFO] ApplicationProperties:184 - Using Application install path: E:\ST\STM32CubeIDE_1.18.0\STM32CubeIDE\plugins\com.st.stm32cube.common.mx_6.14.0.202502271554
2025-03-27 23:07:11,667 [INFO] ThirdPartyUpdaterWithRetryManager:70 - Updater plugin not ready yet. [2/15]
2025-03-27 23:07:12,140 [ERROR] LogOutputStream:75 - [STDERR_REDIRECT] Mar 27, 2025 11:07:12 PM java.util.prefs.WindowsPreferences <init>
2025-03-27 23:07:12,142 [ERROR] LogOutputStream:75 - [STDERR_REDIRECT] WARNING: Could not open/create prefs root node Software\JavaSoft\Prefs at root 0xffffffff80000002. Windows RegCreateKeyEx(...) returned error code 5.
2025-03-27 23:07:12,142 [ERROR] LogOutputStream:75 - [STDERR_REDIRECT] 
2025-03-27 23:07:12,546 [INFO] MainUpdater:2872 - connection check result : 10
2025-03-27 23:07:12,547 [INFO] MainUpdater:289 - Updater Check For Update Now.
2025-03-27 23:07:12,547 [INFO] MicroXplorer:498 - Change Database Version : DB.6.0.140
2025-03-27 23:07:12,564 [INFO] McuFinderGlobals:63 - Set McuFinder mode to 2 (CubeIDE integrated)
2025-03-27 23:07:12,565 [INFO] UserAuth:171 - activating auth plugin
2025-03-27 23:07:12,616 [INFO] UserAuth:486 - Internet connection configuration mode: 1
2025-03-27 23:07:12,642 [INFO] JxBrowserEngine:152 - Initiate JxBrowser Engine with user profile folder
2025-03-27 23:07:12,945 [INFO] CheckServerUpdateThread:120 - End of CheckServer Thread
2025-03-27 23:07:14,826 [INFO] WebApp:169 - Instantiating new browser for Auth
2025-03-27 23:07:15,618 [ERROR] LogOutputStream:75 - [STDERR_REDIRECT] 
2025-03-27 23:07:15,619 [ERROR] LogOutputStream:75 - [STDERR_REDIRECT] 
2025-03-27 23:07:59,204 [INFO] Activator:176 - 


2025-03-27 23:07:59,207 [INFO] Activator:177 - !SESSION log4j initialized
2025-03-27 23:08:04,121 [INFO] LogOutputStream:77 - [STDOUT_REDIRECT] 
2025-03-27 23:08:11,990 [INFO] ApplicationProperties:184 - Using Application install path: E:\ST\STM32CubeIDE_1.18.0\STM32CubeIDE\plugins\com.st.stm32cube.common.mx_6.14.0.202502271554
2025-03-27 23:08:12,007 [INFO] DbMcusXml:78 - Set database path to: E:\ST\STM32CubeIDE_1.18.0\STM32CubeIDE\plugins\com.st.stm32cube.common.mx_6.14.0.202502271554\\db\/mcu/
2025-03-27 23:08:12,008 [INFO] ApiDb:274 - Set plugin database path to: E:\ST\STM32CubeIDE_1.18.0\STM32CubeIDE\plugins\com.st.stm32cube.common.mx_6.14.0.202502271554\\db\/plugins/boardmanager/
2025-03-27 23:08:12,008 [WARN] ApiDb:259 - Overriding images path with different value:  => E:\ST\STM32CubeIDE_1.18.0\STM32CubeIDE\plugins\com.st.stm32cube.common.mx_6.14.0.202502271554\\db\/plugins/mcufinder/images/
2025-03-27 23:08:12,014 [INFO] ApiDb:250 - Set database path to: C:\Users\aldai\.stmcufinder\plugins\mcufinder//mcu/
2025-03-27 23:08:12,015 [INFO] DbMcusAds:125 - Set database path to: C:\Users\aldai\.stmcufinder\plugins\mcufinder//mcu/
2025-03-27 23:08:12,017 [INFO] CrossReferenceDbSqlite:203 - Set database path to: C:\Users\aldai\.stmcufinder\plugins\mcufinder//mcu/cs/
2025-03-27 23:08:12,162 [INFO] RulesReader:64 - Compatibility file has been processed (301 Rules)
2025-03-27 23:08:12,272 [INFO] DbMcusXml:78 - Set database path to: E:\ST\STM32CubeIDE_1.18.0\STM32CubeIDE\plugins\com.st.stm32cube.common.mx_6.14.0.202502271554\\db\/mcu/
2025-03-27 23:08:12,272 [INFO] ApiDb:274 - Set plugin database path to: E:\ST\STM32CubeIDE_1.18.0\STM32CubeIDE\plugins\com.st.stm32cube.common.mx_6.14.0.202502271554\\db\/plugins/boardmanager/
2025-03-27 23:08:12,273 [INFO] ApiDb:261 - Set plugin images path to: E:\ST\STM32CubeIDE_1.18.0\STM32CubeIDE\plugins\com.st.stm32cube.common.mx_6.14.0.202502271554\\db\/plugins/mcufinder/images/
2025-03-27 23:08:12,273 [WARN] DbFile:41 - Overriding database path with different value: C:\Users\aldai\.stmcufinder\plugins\mcufinder/ => C:\Users\aldai\.stmcufinder\plugins\mcufinder
2025-03-27 23:08:12,273 [INFO] ApiDb:250 - Set database path to: C:\Users\aldai\.stmcufinder\plugins\mcufinder//mcu/
2025-03-27 23:08:12,274 [WARN] DbFile:41 - Overriding database path with different value: C:\Users\aldai\.stmcufinder\plugins\mcufinder/ => C:\Users\aldai\.stmcufinder\plugins\mcufinder
2025-03-27 23:08:12,274 [INFO] DbMcusAds:125 - Set database path to: C:\Users\aldai\.stmcufinder\plugins\mcufinder//mcu/
2025-03-27 23:08:12,274 [WARN] DbFile:41 - Overriding database path with different value: C:\Users\aldai\.stmcufinder\plugins\mcufinder/ => C:\Users\aldai\.stmcufinder\plugins\mcufinder
2025-03-27 23:08:12,274 [WARN] DbFile:41 - Overriding database path with different value: C:\Users\aldai\.stmcufinder\plugins\mcufinder/ => C:\Users\aldai\.stmcufinder\plugins\mcufinder
2025-03-27 23:08:12,274 [INFO] CrossReferenceDbSqlite:203 - Set database path to: C:\Users\aldai\.stmcufinder\plugins\mcufinder//mcu/cs/
2025-03-27 23:08:12,373 [INFO] MainPanel:272 - HeapMemory: 268435456
2025-03-27 23:08:12,476 [INFO] DbMcusXml:78 - Set database path to: E:\ST\STM32CubeIDE_1.18.0\STM32CubeIDE\plugins\com.st.stm32cube.common.mx_6.14.0.202502271554\\db\/mcu/
2025-03-27 23:08:12,476 [INFO] ApiDb:274 - Set plugin database path to: E:\ST\STM32CubeIDE_1.18.0\STM32CubeIDE\plugins\com.st.stm32cube.common.mx_6.14.0.202502271554\\db\/plugins/boardmanager/
2025-03-27 23:08:12,477 [INFO] ApiDb:261 - Set plugin images path to: E:\ST\STM32CubeIDE_1.18.0\STM32CubeIDE\plugins\com.st.stm32cube.common.mx_6.14.0.202502271554\\db\/plugins/mcufinder/images/
2025-03-27 23:08:12,477 [WARN] DbFile:41 - Overriding database path with different value: C:\Users\aldai\.stmcufinder\plugins\mcufinder/ => C:\Users\aldai\.stmcufinder\plugins\mcufinder
2025-03-27 23:08:12,477 [INFO] ApiDb:250 - Set database path to: C:\Users\aldai\.stmcufinder\plugins\mcufinder//mcu/
2025-03-27 23:08:12,477 [WARN] DbFile:41 - Overriding database path with different value: C:\Users\aldai\.stmcufinder\plugins\mcufinder/ => C:\Users\aldai\.stmcufinder\plugins\mcufinder
2025-03-27 23:08:12,477 [INFO] DbMcusAds:125 - Set database path to: C:\Users\aldai\.stmcufinder\plugins\mcufinder//mcu/
2025-03-27 23:08:12,478 [WARN] DbFile:41 - Overriding database path with different value: C:\Users\aldai\.stmcufinder\plugins\mcufinder/ => C:\Users\aldai\.stmcufinder\plugins\mcufinder
2025-03-27 23:08:12,478 [WARN] DbFile:41 - Overriding database path with different value: C:\Users\aldai\.stmcufinder\plugins\mcufinder/ => C:\Users\aldai\.stmcufinder\plugins\mcufinder
2025-03-27 23:08:12,478 [INFO] CrossReferenceDbSqlite:203 - Set database path to: C:\Users\aldai\.stmcufinder\plugins\mcufinder//mcu/cs/
2025-03-27 23:08:12,499 [INFO] ApplicationProperties:184 - Using Application install path: E:\ST\STM32CubeIDE_1.18.0\STM32CubeIDE\plugins\com.st.stm32cube.common.mx_6.14.0.202502271554
2025-03-27 23:08:12,502 [INFO] PluginManage:196 - Search for loadable plugins [exclusion list=, ]
2025-03-27 23:08:12,504 [INFO] PluginManage:310 - Check plugin analytics
2025-03-27 23:08:17,684 [INFO] AnalyticsPlugin:253 - Accepted Software Licenses: 
2025-03-27 23:08:17,685 [INFO] AnalyticsPlugin:255 - Accepted CMSIS Pack Licenses: 
2025-03-27 23:08:17,685 [INFO] AnalyticsPlugin:257 - Accepted Firmware Licenses: 
2025-03-27 23:08:17,692 [INFO] PluginManage:359 - Loaded plugin analytics (category:tool,tabindex:-1)
2025-03-27 23:08:17,692 [INFO] PluginManage:310 - Check plugin cadmodel
2025-03-27 23:08:17,698 [INFO] CADModel:105 - Init CAD model plugin
2025-03-27 23:08:17,698 [INFO] PluginManage:359 - Loaded plugin cadmodel (category:power,tabindex:5)
2025-03-27 23:08:17,699 [INFO] PluginManage:310 - Check plugin clock
2025-03-27 23:08:17,712 [INFO] PluginManage:359 - Loaded plugin clock (category:base,tabindex:2)
2025-03-27 23:08:17,713 [INFO] PluginManage:310 - Check plugin ddr
2025-03-27 23:08:17,717 [INFO] PluginManage:359 - Loaded plugin ddr (category:tool,tabindex:6)
2025-03-27 23:08:17,717 [INFO] PluginManage:310 - Check plugin filemanager
2025-03-27 23:08:17,966 [INFO] PluginManage:359 - Loaded plugin filemanager (category:base,tabindex:10)
2025-03-27 23:08:17,966 [INFO] PluginManage:310 - Check plugin ipmanager
2025-03-27 23:08:17,980 [INFO] PluginManage:359 - Loaded plugin ipmanager (category:base,tabindex:5)
2025-03-27 23:08:17,981 [INFO] PluginManage:310 - Check plugin lpbam
2025-03-27 23:08:17,997 [INFO] PluginManage:359 - Loaded plugin lpbam (category:base,tabindex:0)
2025-03-27 23:08:17,997 [INFO] PluginManage:310 - Check plugin memorymap
2025-03-27 23:08:18,011 [INFO] PluginManage:359 - Loaded plugin memorymap (category:base,tabindex:4)
2025-03-27 23:08:18,011 [INFO] PluginManage:310 - Check plugin pinoutandconfiguration
2025-03-27 23:08:18,023 [INFO] PluginManage:359 - Loaded plugin pinoutandconfiguration (category:base,tabindex:1)
2025-03-27 23:08:18,023 [INFO] PluginManage:310 - Check plugin pinoutconfig
2025-03-27 23:08:18,138 [WARN] SupportedApi:132 - Cannot load RTOS API schema: s4s-elt-must-match.1: The content of 'definitions' must match (annotation?, (simpleType | complexType)?, (unique | key | keyref)*)). A problem was found starting at: attribute.
2025-03-27 23:08:18,301 [INFO] PluginManage:359 - Loaded plugin pinoutconfig (category:base,tabindex:0)
2025-03-27 23:08:18,303 [INFO] PluginManage:310 - Check plugin power
2025-03-27 23:08:18,311 [INFO] PluginManage:359 - Loaded plugin power (category:power,tabindex:4)
2025-03-27 23:08:18,311 [INFO] PluginManage:310 - Check plugin projectmanager
2025-03-27 23:08:18,334 [INFO] PluginManage:359 - Loaded plugin projectmanager (category:projectmanager,tabindex:4)
2025-03-27 23:08:18,334 [INFO] PluginManage:310 - Check plugin rif
2025-03-27 23:08:18,347 [INFO] PluginManage:359 - Loaded plugin rif (category:base,tabindex:3)
2025-03-27 23:08:18,347 [INFO] PluginManage:310 - Check plugin thirdparty
2025-03-27 23:08:18,512 [INFO] PluginManage:359 - Loaded plugin thirdparty (category:base,tabindex:-1)
2025-03-27 23:08:18,512 [WARN] IntegrityCheckThread:84 - waiting for thirdparty lock release [integrity check]
2025-03-27 23:08:18,512 [INFO] PluginManage:310 - Check plugin tools
2025-03-27 23:08:18,512 [INFO] IntegrityCheckThread:86 - entering critical section [integrity check]
2025-03-27 23:08:18,513 [INFO] ThirdPartyUpdaterWithRetryManager:70 - Updater plugin not ready yet. [1/15]
2025-03-27 23:08:18,517 [INFO] PluginManage:359 - Loaded plugin tools (category:base,tabindex:7)
2025-03-27 23:08:18,518 [INFO] PluginManage:310 - Check plugin tutovideos
2025-03-27 23:08:18,722 [INFO] PluginManage:359 - Loaded plugin tutovideos (category:base,tabindex:-1)
2025-03-27 23:08:18,722 [INFO] PluginManage:310 - Check plugin updater
2025-03-27 23:08:18,751 [INFO] PluginManage:359 - Loaded plugin updater (category:base,tabindex:12)
2025-03-27 23:08:18,751 [INFO] PluginManage:310 - Check plugin userauth
2025-03-27 23:08:18,756 [INFO] UserAuth:118 - Init User Auth plugin
2025-03-27 23:08:18,757 [INFO] PluginManage:359 - Loaded plugin userauth (category:base,tabindex:14)
2025-03-27 23:08:18,758 [INFO] PluginManage:283 - PluginManage : Loaded plugins [18]
2025-03-27 23:08:19,027 [INFO] PinOutPanel:1589 - setPackage(No Configuration,No Configuration)
2025-03-27 23:08:19,150 [INFO] CADModel:165 - CPN selected for project level
2025-03-27 23:08:19,150 [INFO] CADModel:114 - Register for checkConnection events
2025-03-27 23:08:19,170 [INFO] IPUIPlugin:80 - create IPUIPlugin
2025-03-27 23:08:19,171 [INFO] PluginManager:220 - loadIPPluginJar : add adc
2025-03-27 23:08:19,174 [INFO] IPUIPlugin:80 - create IPUIPlugin
2025-03-27 23:08:19,174 [INFO] PluginManager:220 - loadIPPluginJar : add aes
2025-03-27 23:08:19,178 [INFO] IPUIPlugin:80 - create IPUIPlugin
2025-03-27 23:08:19,178 [INFO] PluginManager:220 - loadIPPluginJar : add can
2025-03-27 23:08:19,179 [INFO] IPUIPlugin:80 - create IPUIPlugin
2025-03-27 23:08:19,180 [INFO] PluginManager:220 - loadIPPluginJar : add comp
2025-03-27 23:08:19,184 [INFO] IPUIPlugin:80 - create IPUIPlugin
2025-03-27 23:08:19,184 [INFO] PluginManager:220 - loadIPPluginJar : add cryp
2025-03-27 23:08:19,189 [INFO] IPUIPlugin:80 - create IPUIPlugin
2025-03-27 23:08:19,189 [INFO] PluginManager:220 - loadIPPluginJar : add ddr_ctrl_phy
2025-03-27 23:08:19,192 [INFO] IPUIPlugin:80 - create IPUIPlugin
2025-03-27 23:08:19,192 [INFO] PluginManager:220 - loadIPPluginJar : add dfsdm
2025-03-27 23:08:19,199 [INFO] IPUIPlugin:80 - create IPUIPlugin
2025-03-27 23:08:19,200 [INFO] PluginManager:220 - loadIPPluginJar : add dma
2025-03-27 23:08:19,203 [INFO] IPUIPlugin:80 - create IPUIPlugin
2025-03-27 23:08:19,203 [INFO] PluginManager:220 - loadIPPluginJar : add dma3
2025-03-27 23:08:19,207 [INFO] IPUIPlugin:80 - create IPUIPlugin
2025-03-27 23:08:19,207 [INFO] PluginManager:220 - loadIPPluginJar : add extmemmanager
2025-03-27 23:08:19,209 [INFO] IPUIPlugin:80 - create IPUIPlugin
2025-03-27 23:08:19,209 [INFO] PluginManager:220 - loadIPPluginJar : add fatfs
2025-03-27 23:08:19,214 [INFO] IPUIPlugin:80 - create IPUIPlugin
2025-03-27 23:08:19,214 [INFO] PluginManager:220 - loadIPPluginJar : add fmc
2025-03-27 23:08:19,220 [INFO] IPUIPlugin:80 - create IPUIPlugin
2025-03-27 23:08:19,220 [INFO] PluginManager:220 - loadIPPluginJar : add freertos
2025-03-27 23:08:19,222 [INFO] IPUIPlugin:80 - create IPUIPlugin
2025-03-27 23:08:19,223 [INFO] PluginManager:220 - loadIPPluginJar : add genericplugin
2025-03-27 23:08:19,226 [INFO] IPUIPlugin:80 - create IPUIPlugin
2025-03-27 23:08:19,226 [INFO] PluginManager:220 - loadIPPluginJar : add gfxmmu
2025-03-27 23:08:19,232 [INFO] IPUIPlugin:80 - create IPUIPlugin
2025-03-27 23:08:19,232 [INFO] PluginManager:220 - loadIPPluginJar : add gic
2025-03-27 23:08:19,237 [INFO] IPUIPlugin:80 - create IPUIPlugin
2025-03-27 23:08:19,237 [INFO] PluginManager:220 - loadIPPluginJar : add gpio
2025-03-27 23:08:19,242 [INFO] IPUIPlugin:80 - create IPUIPlugin
2025-03-27 23:08:19,242 [INFO] PluginManager:220 - loadIPPluginJar : add gtzc
2025-03-27 23:08:19,245 [INFO] IPUIPlugin:80 - create IPUIPlugin
2025-03-27 23:08:19,246 [INFO] PluginManager:220 - loadIPPluginJar : add hash
2025-03-27 23:08:19,249 [INFO] IPUIPlugin:80 - create IPUIPlugin
2025-03-27 23:08:19,249 [INFO] PluginManager:220 - loadIPPluginJar : add i2c
2025-03-27 23:08:19,254 [INFO] IPUIPlugin:80 - create IPUIPlugin
2025-03-27 23:08:19,254 [INFO] PluginManager:220 - loadIPPluginJar : add i2s
2025-03-27 23:08:19,257 [INFO] IPUIPlugin:80 - create IPUIPlugin
2025-03-27 23:08:19,258 [INFO] PluginManager:220 - loadIPPluginJar : add i3c
2025-03-27 23:08:19,261 [INFO] IPUIPlugin:80 - create IPUIPlugin
2025-03-27 23:08:19,261 [INFO] PluginManager:220 - loadIPPluginJar : add ipddr
2025-03-27 23:08:19,272 [INFO] IPUIPlugin:80 - create IPUIPlugin
2025-03-27 23:08:19,272 [INFO] PluginManager:220 - loadIPPluginJar : add linkedlist
2025-03-27 23:08:19,277 [INFO] IPUIPlugin:80 - create IPUIPlugin
2025-03-27 23:08:19,277 [INFO] PluginManager:220 - loadIPPluginJar : add lorawan
2025-03-27 23:08:19,279 [INFO] IPUIPlugin:80 - create IPUIPlugin
2025-03-27 23:08:19,279 [INFO] PluginManager:220 - loadIPPluginJar : add ltdc
2025-03-27 23:08:19,286 [INFO] IPUIPlugin:80 - create IPUIPlugin
2025-03-27 23:08:19,287 [INFO] PluginManager:220 - loadIPPluginJar : add mdma
2025-03-27 23:08:19,293 [INFO] IPUIPlugin:80 - create IPUIPlugin
2025-03-27 23:08:19,294 [INFO] PluginManager:220 - loadIPPluginJar : add nvic
2025-03-27 23:08:19,297 [INFO] IPUIPlugin:80 - create IPUIPlugin
2025-03-27 23:08:19,297 [INFO] PluginManager:220 - loadIPPluginJar : add opamp
2025-03-27 23:08:19,301 [INFO] IPUIPlugin:80 - create IPUIPlugin
2025-03-27 23:08:19,301 [INFO] PluginManager:220 - loadIPPluginJar : add openamp
2025-03-27 23:08:19,307 [INFO] IPUIPlugin:80 - create IPUIPlugin
2025-03-27 23:08:19,307 [INFO] PluginManager:220 - loadIPPluginJar : add pdm2pcm
2025-03-27 23:08:19,315 [INFO] IPUIPlugin:80 - create IPUIPlugin
2025-03-27 23:08:19,318 [INFO] PluginManager:220 - loadIPPluginJar : add plateformsettings
2025-03-27 23:08:19,320 [INFO] IPUIPlugin:80 - create IPUIPlugin
2025-03-27 23:08:19,320 [INFO] PluginManager:220 - loadIPPluginJar : add quadspi
2025-03-27 23:08:19,323 [INFO] IPUIPlugin:80 - create IPUIPlugin
2025-03-27 23:08:19,324 [INFO] PluginManager:220 - loadIPPluginJar : add radio
2025-03-27 23:08:19,329 [INFO] IPUIPlugin:80 - create IPUIPlugin
2025-03-27 23:08:19,329 [INFO] PluginManager:220 - loadIPPluginJar : add resmgrutility
2025-03-27 23:08:19,332 [INFO] IPUIPlugin:80 - create IPUIPlugin
2025-03-27 23:08:19,332 [INFO] PluginManager:220 - loadIPPluginJar : add sai
2025-03-27 23:08:19,335 [INFO] IPUIPlugin:80 - create IPUIPlugin
2025-03-27 23:08:19,335 [INFO] PluginManager:220 - loadIPPluginJar : add spi
2025-03-27 23:08:19,343 [INFO] IPUIPlugin:80 - create IPUIPlugin
2025-03-27 23:08:19,343 [INFO] PluginManager:220 - loadIPPluginJar : add stm32_wpan
2025-03-27 23:08:19,346 [INFO] IPUIPlugin:80 - create IPUIPlugin
2025-03-27 23:08:19,346 [INFO] PluginManager:220 - loadIPPluginJar : add tim
2025-03-27 23:08:19,351 [INFO] IPUIPlugin:80 - create IPUIPlugin
2025-03-27 23:08:19,351 [INFO] PluginManager:220 - loadIPPluginJar : add touchsensing
2025-03-27 23:08:19,356 [INFO] IPUIPlugin:80 - create IPUIPlugin
2025-03-27 23:08:19,356 [INFO] PluginManager:220 - loadIPPluginJar : add tracer_emb
2025-03-27 23:08:19,359 [INFO] IPUIPlugin:80 - create IPUIPlugin
2025-03-27 23:08:19,359 [INFO] PluginManager:220 - loadIPPluginJar : add ts
2025-03-27 23:08:19,362 [INFO] IPUIPlugin:80 - create IPUIPlugin
2025-03-27 23:08:19,362 [INFO] PluginManager:220 - loadIPPluginJar : add tsc
2025-03-27 23:08:19,365 [INFO] IPUIPlugin:80 - create IPUIPlugin
2025-03-27 23:08:19,365 [INFO] PluginManager:220 - loadIPPluginJar : add ucpd
2025-03-27 23:08:19,369 [INFO] IPUIPlugin:80 - create IPUIPlugin
2025-03-27 23:08:19,369 [INFO] PluginManager:220 - loadIPPluginJar : add usart
2025-03-27 23:08:19,372 [INFO] IPUIPlugin:80 - create IPUIPlugin
2025-03-27 23:08:19,372 [INFO] PluginManager:220 - loadIPPluginJar : add usbx
2025-03-27 23:08:19,540 [FATAL] Updater:351 - Updater called before beeing initialized
2025-03-27 23:08:19,580 [INFO] RulesReader:64 - Compatibility file has been processed (301 Rules)
2025-03-27 23:08:19,598 [INFO] RulesReader:64 - Compatibility file has been processed (301 Rules)
2025-03-27 23:08:19,609 [INFO] CADModel:165 - CPN selected for project level
2025-03-27 23:08:19,609 [INFO] CADModel:114 - Register for checkConnection events
2025-03-27 23:08:19,609 [FATAL] Updater:351 - Updater called before beeing initialized
2025-03-27 23:08:19,609 [ERROR] CADModel:125 - Updater not yet initialized, retry later 
2025-03-27 23:08:19,797 [FATAL] Updater:351 - Updater called before beeing initialized
2025-03-27 23:08:19,799 [INFO] CADModel:165 - CPN selected for project level
2025-03-27 23:08:19,799 [INFO] CADModel:114 - Register for checkConnection events
2025-03-27 23:08:19,799 [FATAL] Updater:351 - Updater called before beeing initialized
2025-03-27 23:08:19,799 [ERROR] CADModel:125 - Updater not yet initialized, retry later 
2025-03-27 23:08:19,803 [FATAL] Updater:351 - Updater called before beeing initialized
2025-03-27 23:08:19,962 [FATAL] Updater:351 - Updater called before beeing initialized
2025-03-27 23:08:19,967 [INFO] DbMcusAds:53 - JSON generation date=Thu Sep 30 00:55:09 CST 2021 (1632984909247)
2025-03-27 23:08:19,968 [FATAL] Updater:351 - Updater called before beeing initialized
2025-03-27 23:08:20,017 [WARN] DetailPanel:346 - Failed to get advertising image, set to default
2025-03-27 23:08:20,348 [FATAL] Updater:351 - Updater called before beeing initialized
2025-03-27 23:08:20,350 [FATAL] Updater:351 - Updater called before beeing initialized
2025-03-27 23:08:20,350 [FATAL] Updater:351 - Updater called before beeing initialized
2025-03-27 23:08:20,351 [WARN] DetailPanel:346 - Failed to get advertising image, set to default
2025-03-27 23:08:20,351 [FATAL] Updater:351 - Updater called before beeing initialized
2025-03-27 23:08:20,414 [ERROR] Updater:1198 - MainUpdater not yet initialized. External WinMGr cannot be set.
2025-03-27 23:08:20,416 [INFO] Updater:1134 - Updater Version found : 6.14.0
2025-03-27 23:08:20,438 [INFO] ApplicationProperties:184 - Using Application install path: E:\ST\STM32CubeIDE_1.18.0\STM32CubeIDE\plugins\com.st.stm32cube.common.mx_6.14.0.202502271554
2025-03-27 23:08:21,514 [INFO] ThirdPartyUpdaterWithRetryManager:70 - Updater plugin not ready yet. [2/15]
2025-03-27 23:08:22,009 [ERROR] LogOutputStream:75 - [STDERR_REDIRECT] Mar 27, 2025 11:08:22 PM java.util.prefs.WindowsPreferences <init>
2025-03-27 23:08:22,012 [ERROR] LogOutputStream:75 - [STDERR_REDIRECT] WARNING: Could not open/create prefs root node Software\JavaSoft\Prefs at root 0xffffffff80000002. Windows RegCreateKeyEx(...) returned error code 5.
2025-03-27 23:08:22,013 [ERROR] LogOutputStream:75 - [STDERR_REDIRECT] 
2025-03-27 23:08:22,364 [INFO] MainUpdater:2872 - connection check result : 10
2025-03-27 23:08:22,366 [INFO] MainUpdater:289 - Updater Check For Update Now.
2025-03-27 23:08:22,366 [INFO] MicroXplorer:498 - Change Database Version : DB.6.0.140
2025-03-27 23:08:22,375 [INFO] McuFinderGlobals:63 - Set McuFinder mode to 2 (CubeIDE integrated)
2025-03-27 23:08:22,376 [INFO] UserAuth:171 - activating auth plugin
2025-03-27 23:08:22,379 [INFO] UserAuth:486 - Internet connection configuration mode: 1
2025-03-27 23:08:22,408 [INFO] JxBrowserEngine:152 - Initiate JxBrowser Engine with user profile folder
2025-03-27 23:08:22,620 [INFO] CheckServerUpdateThread:120 - End of CheckServer Thread
2025-03-27 23:08:23,294 [INFO] WebApp:169 - Instantiating new browser for Auth
2025-03-27 23:08:24,236 [INFO] WebApp:463 - Apply proxy settings
2025-03-27 23:08:24,237 [INFO] WebApp:548 - Chromium requires no authentication
2025-03-27 23:08:24,249 [INFO] WebApp:491 - Direct internet connection detected
2025-03-27 23:08:24,282 [INFO] WebApp:894 - Register for checkConnection events
2025-03-27 23:08:24,283 [INFO] WebApp:463 - Apply proxy settings
2025-03-27 23:08:24,283 [INFO] WebApp:548 - Chromium requires no authentication
2025-03-27 23:08:24,284 [INFO] WebApp:491 - Direct internet connection detected
2025-03-27 23:08:24,687 [INFO] WebApp:191 - Connection restablished
2025-03-27 23:08:24,736 [INFO] WebApp:225 - Starting web application
2025-03-27 23:08:24,736 [INFO] WebApp:593 - Web application path used E:\ST\STM32CubeIDE_1.18.0\STM32CubeIDE\plugins\com.st.stm32cube.common.mx_6.14.0.202502271554\db\plugins\mcufinder\reactClient1\index.html
2025-03-27 23:08:24,784 [WARN] PackLoader:240 - Cannot read IP mode file for STMicroelectronics.FP-SNS-MOTENVWB1.1.4.0
2025-03-27 23:08:24,812 [WARN] PackLoader:240 - Cannot read IP mode file for STMicroelectronics.FP-ATR-ASTRA1.2.0.2
2025-03-27 23:08:24,830 [WARN] PackLoader:240 - Cannot read IP mode file for STMicroelectronics.X-CUBE-SMBUS.2.1.0
2025-03-27 23:08:24,858 [WARN] PackLoader:240 - Cannot read IP mode file for STMicroelectronics.X-CUBE-WB05N.1.1.0
2025-03-27 23:08:24,967 [WARN] PackLoader:240 - Cannot read IP mode file for STMicroelectronics.X-CUBE-AZRTOS-F7.1.1.0
2025-03-27 23:08:25,035 [WARN] PackLoader:240 - Cannot read IP mode file for Infineon.AIROC-Wi-Fi-Bluetooth-STM32.1.7.0
2025-03-27 23:08:25,060 [WARN] PackLoader:240 - Cannot read IP mode file for STMicroelectronics.X-CUBE-DISPLAY.3.0.0
2025-03-27 23:08:25,094 [WARN] PackLoader:240 - Cannot read IP mode file for STMicroelectronics.X-CUBE-NFC10.1.0.0
2025-03-27 23:08:25,139 [WARN] PackLoader:240 - Cannot read IP mode file for STMicroelectronics.X-CUBE-BLEMGR.4.0.0
2025-03-27 23:08:25,155 [WARN] PackLoader:240 - Cannot read IP mode file for emotas.I-CUBE-CANOPEN.1.3.0
2025-03-27 23:08:25,164 [WARN] ConditionMgr:438 - getConditionDescription Invalid condition id : Cortex-A Device cause : null
2025-03-27 23:08:25,189 [WARN] ConditionMgr:1044 - genDependencies : Invalid condition id : Cortex-A Device cause : null
2025-03-27 23:08:25,190 [WARN] ConditionMgr:1044 - genDependencies : Invalid condition id : Cortex-A Device cause : null
2025-03-27 23:08:25,190 [WARN] ConditionMgr:1044 - genDependencies : Invalid condition id : Cortex-A Device cause : null
2025-03-27 23:08:25,196 [WARN] PackLoader:240 - Cannot read IP mode file for STMicroelectronics.X-CUBE-AI.10.0.0
2025-03-27 23:08:25,204 [WARN] PackLoader:240 - Cannot read IP mode file for STMicroelectronics.FP-SNS-SMARTAG2.1.2.0
2025-03-27 23:08:25,211 [WARN] PackLoader:240 - Cannot read IP mode file for STMicroelectronics.FP-SNS-FLIGHT1.5.1.0
2025-03-27 23:08:25,297 [WARN] PackLoader:240 - Cannot read IP mode file for STMicroelectronics.X-CUBE-MEMS1.11.1.0
2025-03-27 23:08:25,545 [INFO] LogOutputStream:77 - [STDOUT_REDIRECT] 1 : Invalid condition id : UX_CORESTACK_Condition cause : null
2025-03-27 23:08:25,547 [INFO] LogOutputStream:77 - [STDOUT_REDIRECT] 1 : Invalid condition id : UX_CORESTACK_Condition cause : null
2025-03-27 23:08:25,555 [INFO] LogOutputStream:77 - [STDOUT_REDIRECT] 1 : Invalid condition id : UX_CORESTACK_Condition cause : null
2025-03-27 23:08:25,557 [INFO] LogOutputStream:77 - [STDOUT_REDIRECT] 1 : Invalid condition id : UX_CORESTACK_Condition cause : null
2025-03-27 23:08:25,559 [INFO] LogOutputStream:77 - [STDOUT_REDIRECT] 1 : Invalid condition id : UX_CORESTACK_Condition cause : null
2025-03-27 23:08:25,569 [WARN] PackLoader:240 - Cannot read IP mode file for STMicroelectronics.X-CUBE-AZRTOS-WL.2.0.0
2025-03-27 23:08:25,579 [WARN] PackLoader:240 - Cannot read IP mode file for STMicroelectronics.FP-SNS-MOTENV1.5.0.0
2025-03-27 23:08:25,594 [WARN] PackLoader:240 - Cannot read IP mode file for WES.I-CUBE-Cesium.1.3.0
2025-03-27 23:08:25,601 [WARN] PackLoader:240 - Cannot read IP mode file for STMicroelectronics.X-CUBE-BLE2.3.3.0
2025-03-27 23:08:25,624 [WARN] PackLoader:240 - Cannot read IP mode file for STMicroelectronics.X-CUBE-NFC9.1.0.0
2025-03-27 23:08:25,636 [WARN] PackLoader:240 - Cannot read IP mode file for STMicroelectronics.X-CUBE-BLE1.7.1.0
2025-03-27 23:08:25,642 [WARN] PackLoader:240 - Cannot read IP mode file for wolfSSL.I-CUBE-wolfMQTT.1.19.2
2025-03-27 23:08:25,664 [WARN] PackLoader:240 - Cannot read IP mode file for STMicroelectronics.X-CUBE-AZRTOS-G0.1.1.0
2025-03-27 23:08:25,683 [WARN] PackLoader:240 - Cannot read IP mode file for STMicroelectronics.X-CUBE-SAFEA1.1.2.2
2025-03-27 23:08:25,694 [WARN] PackLoader:240 - Cannot read IP mode file for STMicroelectronics.X-CUBE-NFC4.3.0.0
2025-03-27 23:08:25,709 [WARN] PackLoader:240 - Cannot read IP mode file for EmbeddedOffice.I-CUBE-FS-RTOS.1.0.1
2025-03-27 23:08:25,783 [WARN] PackLoader:240 - Cannot read IP mode file for wolfSSL.I-CUBE-wolfTPM.3.8.0
2025-03-27 23:08:25,792 [WARN] PackLoader:240 - Cannot read IP mode file for STMicroelectronics.X-CUBE-TCPP.4.2.0
2025-03-27 23:08:25,800 [WARN] PackLoader:240 - Cannot read IP mode file for RealThread.X-CUBE-RT-Thread_Nano.4.1.1
2025-03-27 23:08:25,806 [WARN] PackLoader:240 - Cannot read IP mode file for STMicroelectronics.FP-ATR-SIGFOX1.3.2.0
2025-03-27 23:08:25,817 [WARN] PackLoader:240 - Cannot read IP mode file for STMicroelectronics.X-CUBE-EEPRMA1.5.1.0
2025-03-27 23:08:25,825 [WARN] PackLoader:240 - Cannot read IP mode file for wolfSSL.I-CUBE-wolfSSL.5.7.6
2025-03-27 23:08:25,834 [WARN] PackLoader:240 - Cannot read IP mode file for ITTIA_DB.I-CUBE-ITTIADB.8.9.0
2025-03-27 23:08:25,873 [WARN] PackLoader:240 - Cannot read IP mode file for SEGGER.I-CUBE-embOS.1.3.1
2025-03-27 23:08:25,937 [WARN] PackLoader:240 - Cannot read IP mode file for STMicroelectronics.X-CUBE-ALGOBUILD.1.4.0
2025-03-27 23:08:25,960 [WARN] PackLoader:240 - Cannot read IP mode file for STMicroelectronics.X-CUBE-AZRTOS-F4.1.1.0
2025-03-27 23:08:25,969 [WARN] PackLoader:240 - Cannot read IP mode file for STMicroelectronics.X-CUBE-ISPU.2.1.0
2025-03-27 23:08:25,993 [WARN] PackLoader:240 - Cannot read IP mode file for STMicroelectronics.X-CUBE-AZRTOS-L5.2.0.0
2025-03-27 23:08:26,010 [WARN] PackLoader:240 - Cannot read IP mode file for STMicroelectronics.X-CUBE-NFC6.3.1.0
2025-03-27 23:08:26,021 [WARN] PackLoader:240 - Cannot read IP mode file for STMicroelectronics.X-CUBE-FREERTOS.1.3.0
2025-03-27 23:08:26,031 [WARN] PackLoader:240 - Cannot read IP mode file for STMicroelectronics.X-CUBE-NFC7.1.0.1
2025-03-27 23:08:26,042 [WARN] PackLoader:240 - Cannot read IP mode file for STMicroelectronics.X-CUBE-DPower.1.3.0
2025-03-27 23:08:26,068 [WARN] ConditionMgr:438 - getConditionDescription Invalid condition id : LAN8742 Phy interface Condition cause : null
2025-03-27 23:08:26,069 [WARN] PackLoader:240 - Cannot read IP mode file for STMicroelectronics.X-CUBE-AZRTOS-L4.2.0.0
2025-03-27 23:08:26,070 [WARN] ConditionMgr:1044 - genDependencies : Invalid condition id : LAN8742 Phy interface Condition cause : null
2025-03-27 23:08:26,071 [WARN] ConditionMgr:1044 - genDependencies : Invalid condition id : LAN8742 Phy interface Condition cause : null
2025-03-27 23:08:26,072 [WARN] ConditionMgr:1044 - genDependencies : Invalid condition id : LAN8742 Phy interface Condition cause : null
2025-03-27 23:08:26,083 [WARN] PackLoader:240 - Cannot read IP mode file for STMicroelectronics.X-CUBE-SFXS2LP1.4.0.0
2025-03-27 23:08:26,127 [WARN] PackLoader:240 - Cannot read IP mode file for STMicroelectronics.X-CUBE-AZRTOS-H7.3.3.0
2025-03-27 23:08:26,150 [WARN] ConditionMgr:438 - getConditionDescription Invalid condition id : UX DEVICE CLASS RTOS Condition cause : null
2025-03-27 23:08:26,150 [WARN] ConditionMgr:438 - getConditionDescription Invalid condition id : UX DEVICE CLASS RTOS Condition cause : null
2025-03-27 23:08:26,154 [WARN] PackLoader:240 - Cannot read IP mode file for STMicroelectronics.X-CUBE-AZRTOS-WB.2.0.0
2025-03-27 23:08:26,154 [WARN] ConditionMgr:1044 - genDependencies : Invalid condition id : UX DEVICE CLASS RTOS Condition cause : null
2025-03-27 23:08:26,155 [WARN] ConditionMgr:1044 - genDependencies : Invalid condition id : UX DEVICE CLASS RTOS Condition cause : null
2025-03-27 23:08:26,155 [WARN] ConditionMgr:1044 - genDependencies : Invalid condition id : UX DEVICE CLASS RTOS Condition cause : null
2025-03-27 23:08:26,156 [WARN] ConditionMgr:1044 - genDependencies : Invalid condition id : UX DEVICE CLASS RTOS Condition cause : null
2025-03-27 23:08:26,156 [WARN] ConditionMgr:1044 - genDependencies : Invalid condition id : UX DEVICE CLASS RTOS Condition cause : null
2025-03-27 23:08:26,164 [WARN] PackLoader:240 - Cannot read IP mode file for STMicroelectronics.X-CUBE-GNSS1.7.0.1
2025-03-27 23:08:26,175 [WARN] PackLoader:240 - Cannot read IP mode file for STMicroelectronics.X-CUBE-TOUCHGFX.4.25.0
2025-03-27 23:08:26,184 [WARN] PackLoader:240 - Cannot read IP mode file for STMicroelectronics.FP-SNS-STBOX1.2.0.0
2025-03-27 23:08:26,203 [WARN] PackLoader:240 - Cannot read IP mode file for STMicroelectronics.X-CUBE-SUBG2.5.0.0
2025-03-27 23:08:26,232 [WARN] PackLoader:240 - Cannot read IP mode file for STMicroelectronics.X-CUBE-AZRTOS-H7RS.1.1.0
2025-03-27 23:08:26,242 [WARN] PackLoader:240 - Cannot read IP mode file for Cesanta.I-CUBE-Mongoose.7.13.0
2025-03-27 23:08:26,263 [WARN] PackLoader:240 - Cannot read IP mode file for STMicroelectronics.X-CUBE-AZRTOS-G4.2.0.0
2025-03-27 23:08:26,272 [WARN] PackLoader:240 - Cannot read IP mode file for wolfSSL.I-CUBE-wolfSSH.1.4.20
2025-03-27 23:08:26,292 [WARN] PackLoader:240 - Cannot read IP mode file for STMicroelectronics.X-CUBE-IPS.3.1.0
2025-03-27 23:08:26,308 [WARN] PackLoader:240 - Cannot read IP mode file for STMicroelectronics.X-CUBE-ALS.1.0.2
2025-03-27 23:08:26,317 [WARN] PackLoader:240 - Cannot read IP mode file for portGmbH.I-Cube-SoM-uGOAL.1.1.0
2025-03-27 23:08:26,332 [WARN] PackLoader:240 - Cannot read IP mode file for STMicroelectronics.X-CUBE-TOF1.3.4.2
2025-03-27 23:08:26,346 [INFO] ThirdParty:978 - Integrity check success = true
2025-03-27 23:08:26,346 [INFO] IntegrityCheckThread:100 - exiting critical section [integrity check]
2025-03-27 23:08:26,346 [INFO] IntegrityCheckThread:103 - End integrity checks thread
2025-03-27 23:12:15,469 [ERROR] LogOutputStream:75 - [STDERR_REDIRECT] 
2025-03-27 23:12:15,470 [ERROR] LogOutputStream:75 - [STDERR_REDIRECT] 
